[0.142s] DEBUG:colcon:Command line arguments: ['/usr/bin/colcon', 'build', '--packages-select', 'rfid_publisher']
[0.142s] DEBUG:colcon:Parsed command line arguments: Namespace(allow_overriding=[], ament_cmake_args=None, base_paths=['.'], build_base='build', catkin_cmake_args=None, catkin_skip_building_tests=False, cmake_args=None, cmake_clean_cache=False, cmake_clean_first=False, cmake_force_configure=False, cmake_target=None, cmake_target_skip_unavailable=False, continue_on_error=False, event_handlers=None, executor='parallel', ignore_user_meta=False, install_base='install', log_base=None, log_level=None, main=<bound method BuildVerb.main of <colcon_core.verb.build.BuildVerb object at 0x7f2d94ad7cd0>>, merge_install=False, metas=['./colcon.meta'], packages_above=None, packages_above_and_dependencies=None, packages_above_depth=None, packages_end=None, packages_ignore=None, packages_ignore_regex=None, packages_select=['rfid_publisher'], packages_select_build_failed=False, packages_select_by_dep=None, packages_select_regex=None, packages_select_test_failures=False, packages_skip=None, packages_skip_build_finished=False, packages_skip_by_dep=None, packages_skip_regex=None, packages_skip_test_passed=False, packages_skip_up_to=None, packages_start=None, packages_up_to=None, packages_up_to_regex=None, parallel_workers=8, paths=None, symlink_install=False, test_result_base=None, verb_extension=<colcon_core.verb.build.BuildVerb object at 0x7f2d94ad7cd0>, verb_name='build', verb_parser=<colcon_defaults.argument_parser.defaults.DefaultArgumentsDecorator object at 0x7f2d94ae3280>)
[0.169s] Level 1:colcon.colcon_core.package_discovery:discover_packages(colcon_meta) check parameters
[0.169s] Level 1:colcon.colcon_core.package_discovery:discover_packages(recursive) check parameters
[0.169s] Level 1:colcon.colcon_core.package_discovery:discover_packages(ignore) check parameters
[0.170s] Level 1:colcon.colcon_core.package_discovery:discover_packages(path) check parameters
[0.170s] Level 1:colcon.colcon_core.package_discovery:discover_packages(colcon_meta) discover
[0.170s] Level 1:colcon.colcon_core.package_discovery:discover_packages(recursive) discover
[0.170s] INFO:colcon.colcon_core.package_discovery:Crawling recursively for packages in '/home/carvinaxe3/turtlebot_rfid_master/ros2_ws'
[0.170s] Level 1:colcon.colcon_core.package_identification:_identify(.) by extensions ['ignore', 'ignore_ament_install']
[0.170s] Level 1:colcon.colcon_core.package_identification:_identify(.) by extension 'ignore'
[0.170s] Level 1:colcon.colcon_core.package_identification:_identify(.) by extension 'ignore_ament_install'
[0.170s] Level 1:colcon.colcon_core.package_identification:_identify(.) by extensions ['colcon_pkg']
[0.170s] Level 1:colcon.colcon_core.package_identification:_identify(.) by extension 'colcon_pkg'
[0.170s] Level 1:colcon.colcon_core.package_identification:_identify(.) by extensions ['colcon_meta']
[0.170s] Level 1:colcon.colcon_core.package_identification:_identify(.) by extension 'colcon_meta'
[0.170s] Level 1:colcon.colcon_core.package_identification:_identify(.) by extensions ['ros']
[0.170s] Level 1:colcon.colcon_core.package_identification:_identify(.) by extension 'ros'
[0.182s] Level 1:colcon.colcon_core.package_identification:_identify(.) by extensions ['cmake', 'python']
[0.182s] Level 1:colcon.colcon_core.package_identification:_identify(.) by extension 'cmake'
[0.182s] Level 1:colcon.colcon_core.package_identification:_identify(.) by extension 'python'
[0.182s] Level 1:colcon.colcon_core.package_identification:_identify(.) by extensions ['python_setup_py']
[0.183s] Level 1:colcon.colcon_core.package_identification:_identify(.) by extension 'python_setup_py'
[0.183s] Level 1:colcon.colcon_core.package_identification:_identify(build) by extensions ['ignore', 'ignore_ament_install']
[0.183s] Level 1:colcon.colcon_core.package_identification:_identify(build) by extension 'ignore'
[0.183s] Level 1:colcon.colcon_core.package_identification:_identify(build) ignored
[0.183s] Level 1:colcon.colcon_core.package_identification:_identify(install) by extensions ['ignore', 'ignore_ament_install']
[0.183s] Level 1:colcon.colcon_core.package_identification:_identify(install) by extension 'ignore'
[0.183s] Level 1:colcon.colcon_core.package_identification:_identify(install) ignored
[0.183s] Level 1:colcon.colcon_core.package_identification:_identify(log) by extensions ['ignore', 'ignore_ament_install']
[0.183s] Level 1:colcon.colcon_core.package_identification:_identify(log) by extension 'ignore'
[0.183s] Level 1:colcon.colcon_core.package_identification:_identify(log) ignored
[0.183s] Level 1:colcon.colcon_core.package_identification:_identify(src) by extensions ['ignore', 'ignore_ament_install']
[0.184s] Level 1:colcon.colcon_core.package_identification:_identify(src) by extension 'ignore'
[0.184s] Level 1:colcon.colcon_core.package_identification:_identify(src) by extension 'ignore_ament_install'
[0.184s] Level 1:colcon.colcon_core.package_identification:_identify(src) by extensions ['colcon_pkg']
[0.184s] Level 1:colcon.colcon_core.package_identification:_identify(src) by extension 'colcon_pkg'
[0.184s] Level 1:colcon.colcon_core.package_identification:_identify(src) by extensions ['colcon_meta']
[0.184s] Level 1:colcon.colcon_core.package_identification:_identify(src) by extension 'colcon_meta'
[0.184s] Level 1:colcon.colcon_core.package_identification:_identify(src) by extensions ['ros']
[0.184s] Level 1:colcon.colcon_core.package_identification:_identify(src) by extension 'ros'
[0.184s] Level 1:colcon.colcon_core.package_identification:_identify(src) by extensions ['cmake', 'python']
[0.184s] Level 1:colcon.colcon_core.package_identification:_identify(src) by extension 'cmake'
[0.184s] Level 1:colcon.colcon_core.package_identification:_identify(src) by extension 'python'
[0.184s] Level 1:colcon.colcon_core.package_identification:_identify(src) by extensions ['python_setup_py']
[0.184s] Level 1:colcon.colcon_core.package_identification:_identify(src) by extension 'python_setup_py'
[0.184s] Level 1:colcon.colcon_core.package_identification:_identify(src/rfid_publisher) by extensions ['ignore', 'ignore_ament_install']
[0.184s] Level 1:colcon.colcon_core.package_identification:_identify(src/rfid_publisher) by extension 'ignore'
[0.184s] Level 1:colcon.colcon_core.package_identification:_identify(src/rfid_publisher) by extension 'ignore_ament_install'
[0.184s] Level 1:colcon.colcon_core.package_identification:_identify(src/rfid_publisher) by extensions ['colcon_pkg']
[0.184s] Level 1:colcon.colcon_core.package_identification:_identify(src/rfid_publisher) by extension 'colcon_pkg'
[0.185s] Level 1:colcon.colcon_core.package_identification:_identify(src/rfid_publisher) by extensions ['colcon_meta']
[0.185s] Level 1:colcon.colcon_core.package_identification:_identify(src/rfid_publisher) by extension 'colcon_meta'
[0.185s] Level 1:colcon.colcon_core.package_identification:_identify(src/rfid_publisher) by extensions ['ros']
[0.185s] Level 1:colcon.colcon_core.package_identification:_identify(src/rfid_publisher) by extension 'ros'
[0.189s] DEBUG:colcon.colcon_core.package_identification:Package 'src/rfid_publisher' with type 'ros.ament_python' and name 'rfid_publisher'
[0.189s] Level 1:colcon.colcon_core.package_identification:_identify(src/rfid_test) by extensions ['ignore', 'ignore_ament_install']
[0.189s] Level 1:colcon.colcon_core.package_identification:_identify(src/rfid_test) by extension 'ignore'
[0.189s] Level 1:colcon.colcon_core.package_identification:_identify(src/rfid_test) by extension 'ignore_ament_install'
[0.189s] Level 1:colcon.colcon_core.package_identification:_identify(src/rfid_test) by extensions ['colcon_pkg']
[0.189s] Level 1:colcon.colcon_core.package_identification:_identify(src/rfid_test) by extension 'colcon_pkg'
[0.189s] Level 1:colcon.colcon_core.package_identification:_identify(src/rfid_test) by extensions ['colcon_meta']
[0.189s] Level 1:colcon.colcon_core.package_identification:_identify(src/rfid_test) by extension 'colcon_meta'
[0.189s] Level 1:colcon.colcon_core.package_identification:_identify(src/rfid_test) by extensions ['ros']
[0.190s] Level 1:colcon.colcon_core.package_identification:_identify(src/rfid_test) by extension 'ros'
[0.190s] DEBUG:colcon.colcon_core.package_identification:Package 'src/rfid_test' with type 'ros.ament_python' and name 'rfid_test'
[0.190s] Level 1:colcon.colcon_core.package_identification:_identify(src/ros2_rfid_mapping) by extensions ['ignore', 'ignore_ament_install']
[0.190s] Level 1:colcon.colcon_core.package_identification:_identify(src/ros2_rfid_mapping) by extension 'ignore'
[0.190s] Level 1:colcon.colcon_core.package_identification:_identify(src/ros2_rfid_mapping) by extension 'ignore_ament_install'
[0.190s] Level 1:colcon.colcon_core.package_identification:_identify(src/ros2_rfid_mapping) by extensions ['colcon_pkg']
[0.190s] Level 1:colcon.colcon_core.package_identification:_identify(src/ros2_rfid_mapping) by extension 'colcon_pkg'
[0.190s] Level 1:colcon.colcon_core.package_identification:_identify(src/ros2_rfid_mapping) by extensions ['colcon_meta']
[0.191s] Level 1:colcon.colcon_core.package_identification:_identify(src/ros2_rfid_mapping) by extension 'colcon_meta'
[0.191s] Level 1:colcon.colcon_core.package_identification:_identify(src/ros2_rfid_mapping) by extensions ['ros']
[0.191s] Level 1:colcon.colcon_core.package_identification:_identify(src/ros2_rfid_mapping) by extension 'ros'
[0.191s] DEBUG:colcon.colcon_core.package_identification:Package 'src/ros2_rfid_mapping' with type 'ros.ament_cmake' and name 'ros2_rfid_mapping'
[0.191s] Level 1:colcon.colcon_core.package_discovery:discover_packages(recursive) using defaults
[0.191s] Level 1:colcon.colcon_core.package_discovery:discover_packages(ignore) discover
[0.191s] Level 1:colcon.colcon_core.package_discovery:discover_packages(ignore) using defaults
[0.191s] Level 1:colcon.colcon_core.package_discovery:discover_packages(path) discover
[0.191s] Level 1:colcon.colcon_core.package_discovery:discover_packages(path) using defaults
[0.235s] INFO:colcon.colcon_core.package_selection:Skipping not selected package 'rfid_test' in 'src/rfid_test'
[0.235s] INFO:colcon.colcon_core.package_selection:Skipping not selected package 'ros2_rfid_mapping' in 'src/ros2_rfid_mapping'
[0.236s] Level 1:colcon.colcon_core.package_discovery:discover_packages(prefix_path) check parameters
[0.236s] Level 1:colcon.colcon_core.package_discovery:discover_packages(prefix_path) discover
[0.241s] DEBUG:colcon.colcon_installed_package_information.package_discovery:Found 3 installed packages in /home/carvinaxe3/turtlebot_rfid_master/ros2_ws/install
[0.243s] DEBUG:colcon.colcon_installed_package_information.package_discovery:Found 333 installed packages in /opt/ros/foxy
[0.245s] Level 1:colcon.colcon_core.package_discovery:discover_packages(prefix_path) using defaults
[0.332s] Level 5:colcon.colcon_core.verb:set package 'rfid_publisher' build argument 'cmake_args' from command line to 'None'
[0.332s] Level 5:colcon.colcon_core.verb:set package 'rfid_publisher' build argument 'cmake_target' from command line to 'None'
[0.332s] Level 5:colcon.colcon_core.verb:set package 'rfid_publisher' build argument 'cmake_target_skip_unavailable' from command line to 'False'
[0.332s] Level 5:colcon.colcon_core.verb:set package 'rfid_publisher' build argument 'cmake_clean_cache' from command line to 'False'
[0.333s] Level 5:colcon.colcon_core.verb:set package 'rfid_publisher' build argument 'cmake_clean_first' from command line to 'False'
[0.333s] Level 5:colcon.colcon_core.verb:set package 'rfid_publisher' build argument 'cmake_force_configure' from command line to 'False'
[0.333s] Level 5:colcon.colcon_core.verb:set package 'rfid_publisher' build argument 'ament_cmake_args' from command line to 'None'
[0.333s] Level 5:colcon.colcon_core.verb:set package 'rfid_publisher' build argument 'catkin_cmake_args' from command line to 'None'
[0.333s] Level 5:colcon.colcon_core.verb:set package 'rfid_publisher' build argument 'catkin_skip_building_tests' from command line to 'False'
[0.333s] DEBUG:colcon.colcon_core.verb:Building package 'rfid_publisher' with the following arguments: {'ament_cmake_args': None, 'build_base': '/home/carvinaxe3/turtlebot_rfid_master/ros2_ws/build/rfid_publisher', 'catkin_cmake_args': None, 'catkin_skip_building_tests': False, 'cmake_args': None, 'cmake_clean_cache': False, 'cmake_clean_first': False, 'cmake_force_configure': False, 'cmake_target': None, 'cmake_target_skip_unavailable': False, 'install_base': '/home/carvinaxe3/turtlebot_rfid_master/ros2_ws/install/rfid_publisher', 'merge_install': False, 'path': '/home/carvinaxe3/turtlebot_rfid_master/ros2_ws/src/rfid_publisher', 'symlink_install': False, 'test_result_base': None}
[0.333s] INFO:colcon.colcon_core.executor:Executing jobs using 'parallel' executor
[0.338s] DEBUG:colcon.colcon_parallel_executor.executor.parallel:run_until_complete
[0.338s] INFO:colcon.colcon_ros.task.ament_python.build:Building ROS package in '/home/carvinaxe3/turtlebot_rfid_master/ros2_ws/src/rfid_publisher' with build type 'ament_python'
[0.339s] Level 1:colcon.colcon_core.shell:create_environment_hook('rfid_publisher', 'ament_prefix_path')
[0.343s] INFO:colcon.colcon_core.plugin_system:Skipping extension 'colcon_core.shell.bat': Not used on non-Windows systems
[0.343s] INFO:colcon.colcon_core.shell:Creating environment hook '/home/carvinaxe3/turtlebot_rfid_master/ros2_ws/install/rfid_publisher/share/rfid_publisher/hook/ament_prefix_path.ps1'
[0.344s] INFO:colcon.colcon_core.shell:Creating environment descriptor '/home/carvinaxe3/turtlebot_rfid_master/ros2_ws/install/rfid_publisher/share/rfid_publisher/hook/ament_prefix_path.dsv'
[0.344s] INFO:colcon.colcon_core.shell:Creating environment hook '/home/carvinaxe3/turtlebot_rfid_master/ros2_ws/install/rfid_publisher/share/rfid_publisher/hook/ament_prefix_path.sh'
[0.349s] INFO:colcon.colcon_core.shell:Skip shell extension 'powershell' for command environment: Not usable outside of PowerShell
[0.349s] DEBUG:colcon.colcon_core.shell:Skip shell extension 'dsv' for command environment
[0.584s] INFO:colcon.colcon_core.task.python.build:Building Python package in '/home/carvinaxe3/turtlebot_rfid_master/ros2_ws/src/rfid_publisher'
[0.586s] INFO:colcon.colcon_core.shell:Skip shell extension 'powershell' for command environment: Not usable outside of PowerShell
[0.586s] DEBUG:colcon.colcon_core.shell:Skip shell extension 'dsv' for command environment
[0.979s] DEBUG:colcon.colcon_core.event_handler.log_command:Invoking command in '/home/carvinaxe3/turtlebot_rfid_master/ros2_ws/src/rfid_publisher': PYTHONPATH=/home/carvinaxe3/turtlebot_rfid_master/ros2_ws/build/rfid_publisher/prefix_override:/home/carvinaxe3/turtlebot_rfid_master/ros2_ws/install/rfid_publisher/lib/python3.8/site-packages:${PYTHONPATH} /usr/bin/python3 setup.py egg_info --egg-base ../../build/rfid_publisher build --build-base /home/carvinaxe3/turtlebot_rfid_master/ros2_ws/build/rfid_publisher/build install --record /home/carvinaxe3/turtlebot_rfid_master/ros2_ws/build/rfid_publisher/install.log --install-scripts $base/lib/rfid_publisher --single-version-externally-managed
[1.258s] DEBUG:colcon.colcon_core.event_handler.log_command:Invoked command in '/home/carvinaxe3/turtlebot_rfid_master/ros2_ws/src/rfid_publisher' returned '0': PYTHONPATH=/home/carvinaxe3/turtlebot_rfid_master/ros2_ws/build/rfid_publisher/prefix_override:/home/carvinaxe3/turtlebot_rfid_master/ros2_ws/install/rfid_publisher/lib/python3.8/site-packages:${PYTHONPATH} /usr/bin/python3 setup.py egg_info --egg-base ../../build/rfid_publisher build --build-base /home/carvinaxe3/turtlebot_rfid_master/ros2_ws/build/rfid_publisher/build install --record /home/carvinaxe3/turtlebot_rfid_master/ros2_ws/build/rfid_publisher/install.log --install-scripts $base/lib/rfid_publisher --single-version-externally-managed
[1.264s] Level 1:colcon.colcon_core.environment:checking '/home/carvinaxe3/turtlebot_rfid_master/ros2_ws/install/rfid_publisher' for CMake module files
[1.264s] Level 1:colcon.colcon_core.environment:checking '/home/carvinaxe3/turtlebot_rfid_master/ros2_ws/install/rfid_publisher' for CMake config files
[1.265s] Level 1:colcon.colcon_core.environment:checking '/home/carvinaxe3/turtlebot_rfid_master/ros2_ws/install/rfid_publisher/lib'
[1.266s] Level 1:colcon.colcon_core.environment:checking '/home/carvinaxe3/turtlebot_rfid_master/ros2_ws/install/rfid_publisher/bin'
[1.266s] Level 1:colcon.colcon_core.environment:checking '/home/carvinaxe3/turtlebot_rfid_master/ros2_ws/install/rfid_publisher/lib/pkgconfig/rfid_publisher.pc'
[1.266s] Level 1:colcon.colcon_core.environment:checking '/home/carvinaxe3/turtlebot_rfid_master/ros2_ws/install/rfid_publisher/lib/python3.8/site-packages'
[1.266s] Level 1:colcon.colcon_core.shell:create_environment_hook('rfid_publisher', 'pythonpath')
[1.268s] INFO:colcon.colcon_core.shell:Creating environment hook '/home/carvinaxe3/turtlebot_rfid_master/ros2_ws/install/rfid_publisher/share/rfid_publisher/hook/pythonpath.ps1'
[1.269s] INFO:colcon.colcon_core.shell:Creating environment descriptor '/home/carvinaxe3/turtlebot_rfid_master/ros2_ws/install/rfid_publisher/share/rfid_publisher/hook/pythonpath.dsv'
[1.269s] INFO:colcon.colcon_core.shell:Creating environment hook '/home/carvinaxe3/turtlebot_rfid_master/ros2_ws/install/rfid_publisher/share/rfid_publisher/hook/pythonpath.sh'
[1.270s] Level 1:colcon.colcon_core.environment:checking '/home/carvinaxe3/turtlebot_rfid_master/ros2_ws/install/rfid_publisher/bin'
[1.270s] Level 1:colcon.colcon_core.environment:create_environment_scripts_only(rfid_publisher)
[1.271s] INFO:colcon.colcon_core.shell:Creating package script '/home/carvinaxe3/turtlebot_rfid_master/ros2_ws/install/rfid_publisher/share/rfid_publisher/package.ps1'
[1.272s] INFO:colcon.colcon_core.shell:Creating package descriptor '/home/carvinaxe3/turtlebot_rfid_master/ros2_ws/install/rfid_publisher/share/rfid_publisher/package.dsv'
[1.272s] INFO:colcon.colcon_core.shell:Creating package script '/home/carvinaxe3/turtlebot_rfid_master/ros2_ws/install/rfid_publisher/share/rfid_publisher/package.sh'
[1.273s] INFO:colcon.colcon_core.shell:Creating package script '/home/carvinaxe3/turtlebot_rfid_master/ros2_ws/install/rfid_publisher/share/rfid_publisher/package.bash'
[1.273s] INFO:colcon.colcon_core.shell:Creating package script '/home/carvinaxe3/turtlebot_rfid_master/ros2_ws/install/rfid_publisher/share/rfid_publisher/package.zsh'
[1.274s] Level 1:colcon.colcon_core.environment:create_file_with_runtime_dependencies(/home/carvinaxe3/turtlebot_rfid_master/ros2_ws/install/rfid_publisher/share/colcon-core/packages/rfid_publisher)
[1.274s] DEBUG:colcon.colcon_parallel_executor.executor.parallel:closing loop
[1.275s] DEBUG:colcon.colcon_parallel_executor.executor.parallel:loop closed
[1.275s] DEBUG:colcon.colcon_parallel_executor.executor.parallel:run_until_complete finished with '0'
[1.275s] DEBUG:colcon.colcon_core.event_reactor:joining thread
[1.280s] INFO:colcon.colcon_core.plugin_system:Skipping extension 'colcon_notification.desktop_notification.terminal_notifier': Not used on non-Darwin systems
[1.280s] INFO:colcon.colcon_core.plugin_system:Skipping extension 'colcon_notification.desktop_notification.win32': Not used on non-Windows systems
[1.280s] INFO:colcon.colcon_notification.desktop_notification:Sending desktop notification using 'notify2'
[1.296s] DEBUG:colcon.colcon_core.event_reactor:joined thread
[1.297s] INFO:colcon.colcon_core.shell:Creating prefix script '/home/carvinaxe3/turtlebot_rfid_master/ros2_ws/install/local_setup.ps1'
[1.298s] INFO:colcon.colcon_core.shell:Creating prefix util module '/home/carvinaxe3/turtlebot_rfid_master/ros2_ws/install/_local_setup_util_ps1.py'
[1.300s] INFO:colcon.colcon_core.shell:Creating prefix chain script '/home/carvinaxe3/turtlebot_rfid_master/ros2_ws/install/setup.ps1'
[1.301s] INFO:colcon.colcon_core.shell:Creating prefix script '/home/carvinaxe3/turtlebot_rfid_master/ros2_ws/install/local_setup.sh'
[1.302s] INFO:colcon.colcon_core.shell:Creating prefix util module '/home/carvinaxe3/turtlebot_rfid_master/ros2_ws/install/_local_setup_util_sh.py'
[1.302s] INFO:colcon.colcon_core.shell:Creating prefix chain script '/home/carvinaxe3/turtlebot_rfid_master/ros2_ws/install/setup.sh'
[1.304s] INFO:colcon.colcon_core.shell:Creating prefix script '/home/carvinaxe3/turtlebot_rfid_master/ros2_ws/install/local_setup.bash'
[1.304s] INFO:colcon.colcon_core.shell:Creating prefix chain script '/home/carvinaxe3/turtlebot_rfid_master/ros2_ws/install/setup.bash'
[1.305s] INFO:colcon.colcon_core.shell:Creating prefix script '/home/carvinaxe3/turtlebot_rfid_master/ros2_ws/install/local_setup.zsh'
[1.306s] INFO:colcon.colcon_core.shell:Creating prefix chain script '/home/carvinaxe3/turtlebot_rfid_master/ros2_ws/install/setup.zsh'
