[0.227s] Invoking command in '/home/carvinaxe3/ros2_workspace/ros2_ws/build/ros2_rfid_mapping': CMAKE_PREFIX_PATH=/opt/ros/foxy /usr/bin/cmake /home/carvinaxe3/ros2_workspace/ros2_ws/src/ros2_rfid_mapping -DCMAKE_INSTALL_PREFIX=/home/carvinaxe3/ros2_workspace/ros2_ws/install/ros2_rfid_mapping
[0.250s] -- Found ament_cmake: 0.9.11 (/opt/ros/foxy/share/ament_cmake/cmake)
[0.276s] -- Found PythonInterp: /usr/bin/python3 (found suitable version "3.8.10", minimum required is "3") 
[0.276s] -- Using PYTHON_EXECUTABLE: /usr/bin/python3
[0.478s] -- Found ament_lint_auto: 0.9.7 (/opt/ros/foxy/share/ament_lint_auto/cmake)
[0.556s] -- Added test 'copyright' to check source files copyright and LICENSE
[0.558s] -- Added test 'flake8' to check Python code syntax and style conventions
[0.559s] -- Added test 'lint_cmake' to check CMake code style
[0.559s] -- Added test 'pep257' to check Python code against some of the style conventions in PEP 257
[0.561s] -- Added test 'xmllint' to check XML markup files
[0.563s] -- Configuring done
[0.565s] -- Generating done
[0.565s] -- Build files have been written to: /home/carvinaxe3/ros2_workspace/ros2_ws/build/ros2_rfid_mapping
[0.568s] Invoked command in '/home/carvinaxe3/ros2_workspace/ros2_ws/build/ros2_rfid_mapping' returned '0': CMAKE_PREFIX_PATH=/opt/ros/foxy /usr/bin/cmake /home/carvinaxe3/ros2_workspace/ros2_ws/src/ros2_rfid_mapping -DCMAKE_INSTALL_PREFIX=/home/carvinaxe3/ros2_workspace/ros2_ws/install/ros2_rfid_mapping
[0.572s] Invoking command in '/home/carvinaxe3/ros2_workspace/ros2_ws/build/ros2_rfid_mapping': CMAKE_PREFIX_PATH=/opt/ros/foxy /usr/bin/cmake --build /home/carvinaxe3/ros2_workspace/ros2_ws/build/ros2_rfid_mapping -- -j8 -l8
[0.614s] Invoked command in '/home/carvinaxe3/ros2_workspace/ros2_ws/build/ros2_rfid_mapping' returned '0': CMAKE_PREFIX_PATH=/opt/ros/foxy /usr/bin/cmake --build /home/carvinaxe3/ros2_workspace/ros2_ws/build/ros2_rfid_mapping -- -j8 -l8
[0.646s] Invoking command in '/home/carvinaxe3/ros2_workspace/ros2_ws/build/ros2_rfid_mapping': CMAKE_PREFIX_PATH=/opt/ros/foxy /usr/bin/cmake --install /home/carvinaxe3/ros2_workspace/ros2_ws/build/ros2_rfid_mapping
[0.656s] -- Install configuration: ""
[0.657s] -- Installing: /home/carvinaxe3/ros2_workspace/ros2_ws/install/ros2_rfid_mapping/share/ament_index/resource_index/package_run_dependencies/ros2_rfid_mapping
[0.657s] -- Installing: /home/carvinaxe3/ros2_workspace/ros2_ws/install/ros2_rfid_mapping/share/ament_index/resource_index/parent_prefix_path/ros2_rfid_mapping
[0.657s] -- Installing: /home/carvinaxe3/ros2_workspace/ros2_ws/install/ros2_rfid_mapping/share/ros2_rfid_mapping/environment/ament_prefix_path.sh
[0.657s] -- Installing: /home/carvinaxe3/ros2_workspace/ros2_ws/install/ros2_rfid_mapping/share/ros2_rfid_mapping/environment/ament_prefix_path.dsv
[0.657s] -- Installing: /home/carvinaxe3/ros2_workspace/ros2_ws/install/ros2_rfid_mapping/share/ros2_rfid_mapping/environment/path.sh
[0.657s] -- Installing: /home/carvinaxe3/ros2_workspace/ros2_ws/install/ros2_rfid_mapping/share/ros2_rfid_mapping/environment/path.dsv
[0.657s] -- Installing: /home/carvinaxe3/ros2_workspace/ros2_ws/install/ros2_rfid_mapping/share/ros2_rfid_mapping/local_setup.bash
[0.657s] -- Installing: /home/carvinaxe3/ros2_workspace/ros2_ws/install/ros2_rfid_mapping/share/ros2_rfid_mapping/local_setup.sh
[0.657s] -- Installing: /home/carvinaxe3/ros2_workspace/ros2_ws/install/ros2_rfid_mapping/share/ros2_rfid_mapping/local_setup.zsh
[0.658s] -- Installing: /home/carvinaxe3/ros2_workspace/ros2_ws/install/ros2_rfid_mapping/share/ros2_rfid_mapping/local_setup.dsv
[0.658s] -- Installing: /home/carvinaxe3/ros2_workspace/ros2_ws/install/ros2_rfid_mapping/share/ros2_rfid_mapping/package.dsv
[0.658s] -- Installing: /home/carvinaxe3/ros2_workspace/ros2_ws/install/ros2_rfid_mapping/share/ament_index/resource_index/packages/ros2_rfid_mapping
[0.658s] -- Installing: /home/carvinaxe3/ros2_workspace/ros2_ws/install/ros2_rfid_mapping/share/ros2_rfid_mapping/cmake/ros2_rfid_mappingConfig.cmake
[0.658s] -- Installing: /home/carvinaxe3/ros2_workspace/ros2_ws/install/ros2_rfid_mapping/share/ros2_rfid_mapping/cmake/ros2_rfid_mappingConfig-version.cmake
[0.658s] -- Installing: /home/carvinaxe3/ros2_workspace/ros2_ws/install/ros2_rfid_mapping/share/ros2_rfid_mapping/package.xml
[0.662s] Invoked command in '/home/carvinaxe3/ros2_workspace/ros2_ws/build/ros2_rfid_mapping' returned '0': CMAKE_PREFIX_PATH=/opt/ros/foxy /usr/bin/cmake --install /home/carvinaxe3/ros2_workspace/ros2_ws/build/ros2_rfid_mapping
