[0.241s] Invoking command in '/home/carvinaxe3/ros2_workspace/ros2_ws/build/ros2_rfid_mapping': CMAKE_PREFIX_PATH=${CMAKE_PREFIX_PATH}:/home/carvinaxe3/ros2_workspace/ros2_ws/install/rfid_test:/opt/ros/foxy /usr/bin/cmake /home/carvinaxe3/ros2_workspace/ros2_ws/src/ros2_rfid_mapping -DCMAKE_INSTALL_PREFIX=/home/carvinaxe3/ros2_workspace/ros2_ws/install/ros2_rfid_mapping
[0.296s] -- The C compiler identification is GNU 9.4.0
[0.349s] -- The CXX compiler identification is GNU 9.4.0
[0.353s] -- Check for working C compiler: /usr/bin/cc
[0.420s] -- Check for working C compiler: /usr/bin/cc -- works
[0.421s] -- Detecting C compiler ABI info
[0.487s] -- Detecting C compiler ABI info - done
[0.499s] -- Detecting C compile features
[0.499s] -- Detecting C compile features - done
[0.502s] -- Check for working CXX compiler: /usr/bin/c++
[0.580s] -- Check for working CXX compiler: /usr/bin/c++ -- works
[0.581s] -- Detecting CXX compiler ABI info
[0.661s] -- Detecting CXX compiler ABI info - done
[0.674s] -- Detecting CXX compile features
[0.675s] -- Detecting CXX compile features - done
[0.677s] -- Found ament_cmake: 0.9.11 (/opt/ros/foxy/share/ament_cmake/cmake)
[0.700s] -- Found PythonInterp: /usr/bin/python3 (found suitable version "3.8.10", minimum required is "3") 
[0.701s] -- Using PYTHON_EXECUTABLE: /usr/bin/python3
[0.900s] -- Found ament_lint_auto: 0.9.7 (/opt/ros/foxy/share/ament_lint_auto/cmake)
[0.979s] -- Added test 'copyright' to check source files copyright and LICENSE
[0.981s] -- Added test 'flake8' to check Python code syntax and style conventions
[0.981s] -- Added test 'lint_cmake' to check CMake code style
[0.982s] -- Added test 'pep257' to check Python code against some of the style conventions in PEP 257
[0.983s] -- Added test 'xmllint' to check XML markup files
[0.985s] -- Configuring done
[0.987s] -- Generating done
[0.988s] -- Build files have been written to: /home/carvinaxe3/ros2_workspace/ros2_ws/build/ros2_rfid_mapping
[0.991s] Invoked command in '/home/carvinaxe3/ros2_workspace/ros2_ws/build/ros2_rfid_mapping' returned '0': CMAKE_PREFIX_PATH=${CMAKE_PREFIX_PATH}:/home/carvinaxe3/ros2_workspace/ros2_ws/install/rfid_test:/opt/ros/foxy /usr/bin/cmake /home/carvinaxe3/ros2_workspace/ros2_ws/src/ros2_rfid_mapping -DCMAKE_INSTALL_PREFIX=/home/carvinaxe3/ros2_workspace/ros2_ws/install/ros2_rfid_mapping
[0.996s] Invoking command in '/home/carvinaxe3/ros2_workspace/ros2_ws/build/ros2_rfid_mapping': CMAKE_PREFIX_PATH=${CMAKE_PREFIX_PATH}:/home/carvinaxe3/ros2_workspace/ros2_ws/install/rfid_test:/opt/ros/foxy /usr/bin/cmake --build /home/carvinaxe3/ros2_workspace/ros2_ws/build/ros2_rfid_mapping -- -j8 -l8
[1.040s] Invoked command in '/home/carvinaxe3/ros2_workspace/ros2_ws/build/ros2_rfid_mapping' returned '0': CMAKE_PREFIX_PATH=${CMAKE_PREFIX_PATH}:/home/carvinaxe3/ros2_workspace/ros2_ws/install/rfid_test:/opt/ros/foxy /usr/bin/cmake --build /home/carvinaxe3/ros2_workspace/ros2_ws/build/ros2_rfid_mapping -- -j8 -l8
[1.079s] Invoking command in '/home/carvinaxe3/ros2_workspace/ros2_ws/build/ros2_rfid_mapping': CMAKE_PREFIX_PATH=${CMAKE_PREFIX_PATH}:/home/carvinaxe3/ros2_workspace/ros2_ws/install/rfid_test:/opt/ros/foxy /usr/bin/cmake --install /home/carvinaxe3/ros2_workspace/ros2_ws/build/ros2_rfid_mapping
[1.091s] -- Install configuration: ""
[1.091s] -- Installing: /home/carvinaxe3/ros2_workspace/ros2_ws/install/ros2_rfid_mapping/share/ros2_rfid_mapping/launch
[1.091s] -- Installing: /home/carvinaxe3/ros2_workspace/ros2_ws/install/ros2_rfid_mapping/share/ros2_rfid_mapping/launch/online_async_launch.py
[1.091s] -- Installing: /home/carvinaxe3/ros2_workspace/ros2_ws/install/ros2_rfid_mapping/share/ros2_rfid_mapping/config
[1.092s] -- Installing: /home/carvinaxe3/ros2_workspace/ros2_ws/install/ros2_rfid_mapping/share/ros2_rfid_mapping/config/mapper_params_online_async.yaml
[1.092s] -- Installing: /home/carvinaxe3/ros2_workspace/ros2_ws/install/ros2_rfid_mapping/share/ament_index/resource_index/package_run_dependencies/ros2_rfid_mapping
[1.092s] -- Installing: /home/carvinaxe3/ros2_workspace/ros2_ws/install/ros2_rfid_mapping/share/ament_index/resource_index/parent_prefix_path/ros2_rfid_mapping
[1.092s] -- Installing: /home/carvinaxe3/ros2_workspace/ros2_ws/install/ros2_rfid_mapping/share/ros2_rfid_mapping/environment/ament_prefix_path.sh
[1.092s] -- Installing: /home/carvinaxe3/ros2_workspace/ros2_ws/install/ros2_rfid_mapping/share/ros2_rfid_mapping/environment/ament_prefix_path.dsv
[1.092s] -- Installing: /home/carvinaxe3/ros2_workspace/ros2_ws/install/ros2_rfid_mapping/share/ros2_rfid_mapping/environment/path.sh
[1.092s] -- Installing: /home/carvinaxe3/ros2_workspace/ros2_ws/install/ros2_rfid_mapping/share/ros2_rfid_mapping/environment/path.dsv
[1.092s] -- Installing: /home/carvinaxe3/ros2_workspace/ros2_ws/install/ros2_rfid_mapping/share/ros2_rfid_mapping/local_setup.bash
[1.093s] -- Installing: /home/carvinaxe3/ros2_workspace/ros2_ws/install/ros2_rfid_mapping/share/ros2_rfid_mapping/local_setup.sh
[1.093s] -- Installing: /home/carvinaxe3/ros2_workspace/ros2_ws/install/ros2_rfid_mapping/share/ros2_rfid_mapping/local_setup.zsh
[1.093s] -- Installing: /home/carvinaxe3/ros2_workspace/ros2_ws/install/ros2_rfid_mapping/share/ros2_rfid_mapping/local_setup.dsv
[1.093s] -- Installing: /home/carvinaxe3/ros2_workspace/ros2_ws/install/ros2_rfid_mapping/share/ros2_rfid_mapping/package.dsv
[1.093s] -- Installing: /home/carvinaxe3/ros2_workspace/ros2_ws/install/ros2_rfid_mapping/share/ament_index/resource_index/packages/ros2_rfid_mapping
[1.093s] -- Installing: /home/carvinaxe3/ros2_workspace/ros2_ws/install/ros2_rfid_mapping/share/ros2_rfid_mapping/cmake/ros2_rfid_mappingConfig.cmake
[1.093s] -- Installing: /home/carvinaxe3/ros2_workspace/ros2_ws/install/ros2_rfid_mapping/share/ros2_rfid_mapping/cmake/ros2_rfid_mappingConfig-version.cmake
[1.093s] -- Installing: /home/carvinaxe3/ros2_workspace/ros2_ws/install/ros2_rfid_mapping/share/ros2_rfid_mapping/package.xml
[1.098s] Invoked command in '/home/carvinaxe3/ros2_workspace/ros2_ws/build/ros2_rfid_mapping' returned '0': CMAKE_PREFIX_PATH=${CMAKE_PREFIX_PATH}:/home/carvinaxe3/ros2_workspace/ros2_ws/install/rfid_test:/opt/ros/foxy /usr/bin/cmake --install /home/carvinaxe3/ros2_workspace/ros2_ws/build/ros2_rfid_mapping
