[0.138s] DEBUG:colcon:Command line arguments: ['/usr/bin/colcon', 'build']
[0.138s] DEBUG:colcon:Parsed command line arguments: Namespace(allow_overriding=[], ament_cmake_args=None, base_paths=['.'], build_base='build', catkin_cmake_args=None, catkin_skip_building_tests=False, cmake_args=None, cmake_clean_cache=False, cmake_clean_first=False, cmake_force_configure=False, cmake_target=None, cmake_target_skip_unavailable=False, continue_on_error=False, event_handlers=None, executor='parallel', ignore_user_meta=False, install_base='install', log_base=None, log_level=None, main=<bound method BuildVerb.main of <colcon_core.verb.build.BuildVerb object at 0x7f2a3365cb20>>, merge_install=False, metas=['./colcon.meta'], packages_above=None, packages_above_and_dependencies=None, packages_above_depth=None, packages_end=None, packages_ignore=None, packages_ignore_regex=None, packages_select=None, packages_select_build_failed=False, packages_select_by_dep=None, packages_select_regex=None, packages_select_test_failures=False, packages_skip=None, packages_skip_build_finished=False, packages_skip_by_dep=None, packages_skip_regex=None, packages_skip_test_passed=False, packages_skip_up_to=None, packages_start=None, packages_up_to=None, packages_up_to_regex=None, parallel_workers=8, paths=None, symlink_install=False, test_result_base=None, verb_extension=<colcon_core.verb.build.BuildVerb object at 0x7f2a3365cb20>, verb_name='build', verb_parser=<colcon_defaults.argument_parser.defaults.DefaultArgumentsDecorator object at 0x7f2a336660d0>)
[0.159s] Level 1:colcon.colcon_core.package_discovery:discover_packages(colcon_meta) check parameters
[0.159s] Level 1:colcon.colcon_core.package_discovery:discover_packages(recursive) check parameters
[0.159s] Level 1:colcon.colcon_core.package_discovery:discover_packages(ignore) check parameters
[0.159s] Level 1:colcon.colcon_core.package_discovery:discover_packages(path) check parameters
[0.159s] Level 1:colcon.colcon_core.package_discovery:discover_packages(colcon_meta) discover
[0.159s] Level 1:colcon.colcon_core.package_discovery:discover_packages(recursive) discover
[0.159s] INFO:colcon.colcon_core.package_discovery:Crawling recursively for packages in '/home/carvinaxe3/ros2_workspace/ros2_ws'
[0.159s] Level 1:colcon.colcon_core.package_identification:_identify(.) by extensions ['ignore', 'ignore_ament_install']
[0.159s] Level 1:colcon.colcon_core.package_identification:_identify(.) by extension 'ignore'
[0.160s] Level 1:colcon.colcon_core.package_identification:_identify(.) by extension 'ignore_ament_install'
[0.160s] Level 1:colcon.colcon_core.package_identification:_identify(.) by extensions ['colcon_pkg']
[0.160s] Level 1:colcon.colcon_core.package_identification:_identify(.) by extension 'colcon_pkg'
[0.160s] Level 1:colcon.colcon_core.package_identification:_identify(.) by extensions ['colcon_meta']
[0.160s] Level 1:colcon.colcon_core.package_identification:_identify(.) by extension 'colcon_meta'
[0.160s] Level 1:colcon.colcon_core.package_identification:_identify(.) by extensions ['ros']
[0.160s] Level 1:colcon.colcon_core.package_identification:_identify(.) by extension 'ros'
[0.169s] Level 1:colcon.colcon_core.package_identification:_identify(.) by extensions ['cmake', 'python']
[0.169s] Level 1:colcon.colcon_core.package_identification:_identify(.) by extension 'cmake'
[0.169s] Level 1:colcon.colcon_core.package_identification:_identify(.) by extension 'python'
[0.169s] Level 1:colcon.colcon_core.package_identification:_identify(.) by extensions ['python_setup_py']
[0.170s] Level 1:colcon.colcon_core.package_identification:_identify(.) by extension 'python_setup_py'
[0.170s] Level 1:colcon.colcon_core.package_identification:_identify(build) by extensions ['ignore', 'ignore_ament_install']
[0.170s] Level 1:colcon.colcon_core.package_identification:_identify(build) by extension 'ignore'
[0.170s] Level 1:colcon.colcon_core.package_identification:_identify(build) ignored
[0.170s] Level 1:colcon.colcon_core.package_identification:_identify(install) by extensions ['ignore', 'ignore_ament_install']
[0.170s] Level 1:colcon.colcon_core.package_identification:_identify(install) by extension 'ignore'
[0.170s] Level 1:colcon.colcon_core.package_identification:_identify(install) ignored
[0.170s] Level 1:colcon.colcon_core.package_identification:_identify(log) by extensions ['ignore', 'ignore_ament_install']
[0.170s] Level 1:colcon.colcon_core.package_identification:_identify(log) by extension 'ignore'
[0.170s] Level 1:colcon.colcon_core.package_identification:_identify(log) ignored
[0.170s] Level 1:colcon.colcon_core.package_identification:_identify(src) by extensions ['ignore', 'ignore_ament_install']
[0.170s] Level 1:colcon.colcon_core.package_identification:_identify(src) by extension 'ignore'
[0.170s] Level 1:colcon.colcon_core.package_identification:_identify(src) by extension 'ignore_ament_install'
[0.170s] Level 1:colcon.colcon_core.package_identification:_identify(src) by extensions ['colcon_pkg']
[0.170s] Level 1:colcon.colcon_core.package_identification:_identify(src) by extension 'colcon_pkg'
[0.171s] Level 1:colcon.colcon_core.package_identification:_identify(src) by extensions ['colcon_meta']
[0.171s] Level 1:colcon.colcon_core.package_identification:_identify(src) by extension 'colcon_meta'
[0.171s] Level 1:colcon.colcon_core.package_identification:_identify(src) by extensions ['ros']
[0.171s] Level 1:colcon.colcon_core.package_identification:_identify(src) by extension 'ros'
[0.171s] Level 1:colcon.colcon_core.package_identification:_identify(src) by extensions ['cmake', 'python']
[0.171s] Level 1:colcon.colcon_core.package_identification:_identify(src) by extension 'cmake'
[0.171s] Level 1:colcon.colcon_core.package_identification:_identify(src) by extension 'python'
[0.171s] Level 1:colcon.colcon_core.package_identification:_identify(src) by extensions ['python_setup_py']
[0.171s] Level 1:colcon.colcon_core.package_identification:_identify(src) by extension 'python_setup_py'
[0.171s] Level 1:colcon.colcon_core.package_identification:_identify(src/rfid_test) by extensions ['ignore', 'ignore_ament_install']
[0.171s] Level 1:colcon.colcon_core.package_identification:_identify(src/rfid_test) by extension 'ignore'
[0.171s] Level 1:colcon.colcon_core.package_identification:_identify(src/rfid_test) by extension 'ignore_ament_install'
[0.171s] Level 1:colcon.colcon_core.package_identification:_identify(src/rfid_test) by extensions ['colcon_pkg']
[0.171s] Level 1:colcon.colcon_core.package_identification:_identify(src/rfid_test) by extension 'colcon_pkg'
[0.171s] Level 1:colcon.colcon_core.package_identification:_identify(src/rfid_test) by extensions ['colcon_meta']
[0.171s] Level 1:colcon.colcon_core.package_identification:_identify(src/rfid_test) by extension 'colcon_meta'
[0.171s] Level 1:colcon.colcon_core.package_identification:_identify(src/rfid_test) by extensions ['ros']
[0.171s] Level 1:colcon.colcon_core.package_identification:_identify(src/rfid_test) by extension 'ros'
[0.174s] DEBUG:colcon.colcon_core.package_identification:Package 'src/rfid_test' with type 'ros.ament_python' and name 'rfid_test'
[0.174s] Level 1:colcon.colcon_core.package_identification:_identify(src/ros2_rfid_mapping) by extensions ['ignore', 'ignore_ament_install']
[0.174s] Level 1:colcon.colcon_core.package_identification:_identify(src/ros2_rfid_mapping) by extension 'ignore'
[0.174s] Level 1:colcon.colcon_core.package_identification:_identify(src/ros2_rfid_mapping) by extension 'ignore_ament_install'
[0.174s] Level 1:colcon.colcon_core.package_identification:_identify(src/ros2_rfid_mapping) by extensions ['colcon_pkg']
[0.174s] Level 1:colcon.colcon_core.package_identification:_identify(src/ros2_rfid_mapping) by extension 'colcon_pkg'
[0.175s] Level 1:colcon.colcon_core.package_identification:_identify(src/ros2_rfid_mapping) by extensions ['colcon_meta']
[0.175s] Level 1:colcon.colcon_core.package_identification:_identify(src/ros2_rfid_mapping) by extension 'colcon_meta'
[0.175s] Level 1:colcon.colcon_core.package_identification:_identify(src/ros2_rfid_mapping) by extensions ['ros']
[0.175s] Level 1:colcon.colcon_core.package_identification:_identify(src/ros2_rfid_mapping) by extension 'ros'
[0.175s] DEBUG:colcon.colcon_core.package_identification:Package 'src/ros2_rfid_mapping' with type 'ros.ament_cmake' and name 'ros2_rfid_mapping'
[0.175s] Level 1:colcon.colcon_core.package_discovery:discover_packages(recursive) using defaults
[0.175s] Level 1:colcon.colcon_core.package_discovery:discover_packages(ignore) discover
[0.175s] Level 1:colcon.colcon_core.package_discovery:discover_packages(ignore) using defaults
[0.175s] Level 1:colcon.colcon_core.package_discovery:discover_packages(path) discover
[0.175s] Level 1:colcon.colcon_core.package_discovery:discover_packages(path) using defaults
[0.204s] Level 1:colcon.colcon_core.package_discovery:discover_packages(prefix_path) check parameters
[0.204s] Level 1:colcon.colcon_core.package_discovery:discover_packages(prefix_path) discover
[0.206s] DEBUG:colcon.colcon_installed_package_information.package_discovery:Found 2 installed packages in /home/carvinaxe3/ros2_workspace/ros2_ws/install
[0.208s] DEBUG:colcon.colcon_installed_package_information.package_discovery:Found 333 installed packages in /opt/ros/foxy
[0.209s] Level 1:colcon.colcon_core.package_discovery:discover_packages(prefix_path) using defaults
[0.279s] Level 5:colcon.colcon_core.verb:set package 'rfid_test' build argument 'cmake_args' from command line to 'None'
[0.279s] Level 5:colcon.colcon_core.verb:set package 'rfid_test' build argument 'cmake_target' from command line to 'None'
[0.279s] Level 5:colcon.colcon_core.verb:set package 'rfid_test' build argument 'cmake_target_skip_unavailable' from command line to 'False'
[0.279s] Level 5:colcon.colcon_core.verb:set package 'rfid_test' build argument 'cmake_clean_cache' from command line to 'False'
[0.279s] Level 5:colcon.colcon_core.verb:set package 'rfid_test' build argument 'cmake_clean_first' from command line to 'False'
[0.279s] Level 5:colcon.colcon_core.verb:set package 'rfid_test' build argument 'cmake_force_configure' from command line to 'False'
[0.279s] Level 5:colcon.colcon_core.verb:set package 'rfid_test' build argument 'ament_cmake_args' from command line to 'None'
[0.280s] Level 5:colcon.colcon_core.verb:set package 'rfid_test' build argument 'catkin_cmake_args' from command line to 'None'
[0.280s] Level 5:colcon.colcon_core.verb:set package 'rfid_test' build argument 'catkin_skip_building_tests' from command line to 'False'
[0.280s] DEBUG:colcon.colcon_core.verb:Building package 'rfid_test' with the following arguments: {'ament_cmake_args': None, 'build_base': '/home/carvinaxe3/ros2_workspace/ros2_ws/build/rfid_test', 'catkin_cmake_args': None, 'catkin_skip_building_tests': False, 'cmake_args': None, 'cmake_clean_cache': False, 'cmake_clean_first': False, 'cmake_force_configure': False, 'cmake_target': None, 'cmake_target_skip_unavailable': False, 'install_base': '/home/carvinaxe3/ros2_workspace/ros2_ws/install/rfid_test', 'merge_install': False, 'path': '/home/carvinaxe3/ros2_workspace/ros2_ws/src/rfid_test', 'symlink_install': False, 'test_result_base': None}
[0.280s] Level 5:colcon.colcon_core.verb:set package 'ros2_rfid_mapping' build argument 'cmake_args' from command line to 'None'
[0.280s] Level 5:colcon.colcon_core.verb:set package 'ros2_rfid_mapping' build argument 'cmake_target' from command line to 'None'
[0.281s] Level 5:colcon.colcon_core.verb:set package 'ros2_rfid_mapping' build argument 'cmake_target_skip_unavailable' from command line to 'False'
[0.281s] Level 5:colcon.colcon_core.verb:set package 'ros2_rfid_mapping' build argument 'cmake_clean_cache' from command line to 'False'
[0.281s] Level 5:colcon.colcon_core.verb:set package 'ros2_rfid_mapping' build argument 'cmake_clean_first' from command line to 'False'
[0.281s] Level 5:colcon.colcon_core.verb:set package 'ros2_rfid_mapping' build argument 'cmake_force_configure' from command line to 'False'
[0.281s] Level 5:colcon.colcon_core.verb:set package 'ros2_rfid_mapping' build argument 'ament_cmake_args' from command line to 'None'
[0.281s] Level 5:colcon.colcon_core.verb:set package 'ros2_rfid_mapping' build argument 'catkin_cmake_args' from command line to 'None'
[0.281s] Level 5:colcon.colcon_core.verb:set package 'ros2_rfid_mapping' build argument 'catkin_skip_building_tests' from command line to 'False'
[0.281s] DEBUG:colcon.colcon_core.verb:Building package 'ros2_rfid_mapping' with the following arguments: {'ament_cmake_args': None, 'build_base': '/home/carvinaxe3/ros2_workspace/ros2_ws/build/ros2_rfid_mapping', 'catkin_cmake_args': None, 'catkin_skip_building_tests': False, 'cmake_args': None, 'cmake_clean_cache': False, 'cmake_clean_first': False, 'cmake_force_configure': False, 'cmake_target': None, 'cmake_target_skip_unavailable': False, 'install_base': '/home/carvinaxe3/ros2_workspace/ros2_ws/install/ros2_rfid_mapping', 'merge_install': False, 'path': '/home/carvinaxe3/ros2_workspace/ros2_ws/src/ros2_rfid_mapping', 'symlink_install': False, 'test_result_base': None}
[0.281s] INFO:colcon.colcon_core.executor:Executing jobs using 'parallel' executor
[0.284s] DEBUG:colcon.colcon_parallel_executor.executor.parallel:run_until_complete
[0.285s] INFO:colcon.colcon_ros.task.ament_python.build:Building ROS package in '/home/carvinaxe3/ros2_workspace/ros2_ws/src/rfid_test' with build type 'ament_python'
[0.285s] Level 1:colcon.colcon_core.shell:create_environment_hook('rfid_test', 'ament_prefix_path')
[0.289s] INFO:colcon.colcon_core.plugin_system:Skipping extension 'colcon_core.shell.bat': Not used on non-Windows systems
[0.289s] INFO:colcon.colcon_core.shell:Creating environment hook '/home/carvinaxe3/ros2_workspace/ros2_ws/install/rfid_test/share/rfid_test/hook/ament_prefix_path.ps1'
[0.290s] INFO:colcon.colcon_core.shell:Creating environment descriptor '/home/carvinaxe3/ros2_workspace/ros2_ws/install/rfid_test/share/rfid_test/hook/ament_prefix_path.dsv'
[0.290s] INFO:colcon.colcon_core.shell:Creating environment hook '/home/carvinaxe3/ros2_workspace/ros2_ws/install/rfid_test/share/rfid_test/hook/ament_prefix_path.sh'
[0.292s] INFO:colcon.colcon_core.shell:Skip shell extension 'powershell' for command environment: Not usable outside of PowerShell
[0.292s] DEBUG:colcon.colcon_core.shell:Skip shell extension 'dsv' for command environment
[0.298s] INFO:colcon.colcon_ros.task.ament_cmake.build:Building ROS package in '/home/carvinaxe3/ros2_workspace/ros2_ws/src/ros2_rfid_mapping' with build type 'ament_cmake'
[0.298s] INFO:colcon.colcon_cmake.task.cmake.build:Building CMake package in '/home/carvinaxe3/ros2_workspace/ros2_ws/src/ros2_rfid_mapping'
[0.300s] INFO:colcon.colcon_core.shell:Skip shell extension 'powershell' for command environment: Not usable outside of PowerShell
[0.300s] DEBUG:colcon.colcon_core.shell:Skip shell extension 'dsv' for command environment
[0.535s] INFO:colcon.colcon_core.task.python.build:Building Python package in '/home/carvinaxe3/ros2_workspace/ros2_ws/src/rfid_test'
[0.537s] INFO:colcon.colcon_core.shell:Skip shell extension 'powershell' for command environment: Not usable outside of PowerShell
[0.537s] DEBUG:colcon.colcon_core.shell:Skip shell extension 'dsv' for command environment
[0.550s] DEBUG:colcon.colcon_core.event_handler.log_command:Invoking command in '/home/carvinaxe3/ros2_workspace/ros2_ws/build/ros2_rfid_mapping': CMAKE_PREFIX_PATH=${CMAKE_PREFIX_PATH}:/home/carvinaxe3/ros2_workspace/ros2_ws/install/rfid_test:/opt/ros/foxy /usr/bin/cmake --build /home/carvinaxe3/ros2_workspace/ros2_ws/build/ros2_rfid_mapping -- -j8 -l8
[0.592s] DEBUG:colcon.colcon_core.event_handler.log_command:Invoked command in '/home/carvinaxe3/ros2_workspace/ros2_ws/build/ros2_rfid_mapping' returned '0': CMAKE_PREFIX_PATH=${CMAKE_PREFIX_PATH}:/home/carvinaxe3/ros2_workspace/ros2_ws/install/rfid_test:/opt/ros/foxy /usr/bin/cmake --build /home/carvinaxe3/ros2_workspace/ros2_ws/build/ros2_rfid_mapping -- -j8 -l8
[0.625s] DEBUG:colcon.colcon_core.event_handler.log_command:Invoking command in '/home/carvinaxe3/ros2_workspace/ros2_ws/build/ros2_rfid_mapping': CMAKE_PREFIX_PATH=${CMAKE_PREFIX_PATH}:/home/carvinaxe3/ros2_workspace/ros2_ws/install/rfid_test:/opt/ros/foxy /usr/bin/cmake --install /home/carvinaxe3/ros2_workspace/ros2_ws/build/ros2_rfid_mapping
[0.636s] Level 1:colcon.colcon_core.environment:create_environment_scripts_only(ros2_rfid_mapping)
[0.636s] DEBUG:colcon.colcon_core.event_handler.log_command:Invoked command in '/home/carvinaxe3/ros2_workspace/ros2_ws/build/ros2_rfid_mapping' returned '0': CMAKE_PREFIX_PATH=${CMAKE_PREFIX_PATH}:/home/carvinaxe3/ros2_workspace/ros2_ws/install/rfid_test:/opt/ros/foxy /usr/bin/cmake --install /home/carvinaxe3/ros2_workspace/ros2_ws/build/ros2_rfid_mapping
[0.641s] Level 1:colcon.colcon_core.environment:checking '/home/carvinaxe3/ros2_workspace/ros2_ws/install/ros2_rfid_mapping' for CMake module files
[0.641s] Level 1:colcon.colcon_core.environment:checking '/home/carvinaxe3/ros2_workspace/ros2_ws/install/ros2_rfid_mapping' for CMake config files
[0.642s] Level 1:colcon.colcon_core.shell:create_environment_hook('ros2_rfid_mapping', 'cmake_prefix_path')
[0.643s] INFO:colcon.colcon_core.shell:Creating environment hook '/home/carvinaxe3/ros2_workspace/ros2_ws/install/ros2_rfid_mapping/share/ros2_rfid_mapping/hook/cmake_prefix_path.ps1'
[0.643s] INFO:colcon.colcon_core.shell:Creating environment descriptor '/home/carvinaxe3/ros2_workspace/ros2_ws/install/ros2_rfid_mapping/share/ros2_rfid_mapping/hook/cmake_prefix_path.dsv'
[0.644s] INFO:colcon.colcon_core.shell:Creating environment hook '/home/carvinaxe3/ros2_workspace/ros2_ws/install/ros2_rfid_mapping/share/ros2_rfid_mapping/hook/cmake_prefix_path.sh'
[0.644s] Level 1:colcon.colcon_core.environment:checking '/home/carvinaxe3/ros2_workspace/ros2_ws/install/ros2_rfid_mapping/bin'
[0.644s] Level 1:colcon.colcon_core.environment:checking '/home/carvinaxe3/ros2_workspace/ros2_ws/install/ros2_rfid_mapping/lib/pkgconfig/ros2_rfid_mapping.pc'
[0.645s] Level 1:colcon.colcon_core.environment:checking '/home/carvinaxe3/ros2_workspace/ros2_ws/install/ros2_rfid_mapping/lib/python3.8/site-packages'
[0.645s] Level 1:colcon.colcon_core.environment:checking '/home/carvinaxe3/ros2_workspace/ros2_ws/install/ros2_rfid_mapping/bin'
[0.646s] INFO:colcon.colcon_core.shell:Creating package script '/home/carvinaxe3/ros2_workspace/ros2_ws/install/ros2_rfid_mapping/share/ros2_rfid_mapping/package.ps1'
[0.647s] INFO:colcon.colcon_core.shell:Creating package descriptor '/home/carvinaxe3/ros2_workspace/ros2_ws/install/ros2_rfid_mapping/share/ros2_rfid_mapping/package.dsv'
[0.647s] INFO:colcon.colcon_core.shell:Creating package script '/home/carvinaxe3/ros2_workspace/ros2_ws/install/ros2_rfid_mapping/share/ros2_rfid_mapping/package.sh'
[0.648s] INFO:colcon.colcon_core.shell:Creating package script '/home/carvinaxe3/ros2_workspace/ros2_ws/install/ros2_rfid_mapping/share/ros2_rfid_mapping/package.bash'
[0.648s] INFO:colcon.colcon_core.shell:Creating package script '/home/carvinaxe3/ros2_workspace/ros2_ws/install/ros2_rfid_mapping/share/ros2_rfid_mapping/package.zsh'
[0.649s] Level 1:colcon.colcon_core.environment:create_file_with_runtime_dependencies(/home/carvinaxe3/ros2_workspace/ros2_ws/install/ros2_rfid_mapping/share/colcon-core/packages/ros2_rfid_mapping)
[0.673s] Level 1:colcon.colcon_core.environment:create_environment_scripts_only(ros2_rfid_mapping)
[0.677s] Level 1:colcon.colcon_core.environment:checking '/home/carvinaxe3/ros2_workspace/ros2_ws/install/ros2_rfid_mapping' for CMake module files
[0.678s] Level 1:colcon.colcon_core.environment:checking '/home/carvinaxe3/ros2_workspace/ros2_ws/install/ros2_rfid_mapping' for CMake config files
[0.678s] Level 1:colcon.colcon_core.shell:create_environment_hook('ros2_rfid_mapping', 'cmake_prefix_path')
[0.680s] INFO:colcon.colcon_core.shell:Creating environment hook '/home/carvinaxe3/ros2_workspace/ros2_ws/install/ros2_rfid_mapping/share/ros2_rfid_mapping/hook/cmake_prefix_path.ps1'
[0.681s] INFO:colcon.colcon_core.shell:Creating environment descriptor '/home/carvinaxe3/ros2_workspace/ros2_ws/install/ros2_rfid_mapping/share/ros2_rfid_mapping/hook/cmake_prefix_path.dsv'
[0.682s] INFO:colcon.colcon_core.shell:Creating environment hook '/home/carvinaxe3/ros2_workspace/ros2_ws/install/ros2_rfid_mapping/share/ros2_rfid_mapping/hook/cmake_prefix_path.sh'
[0.682s] Level 1:colcon.colcon_core.environment:checking '/home/carvinaxe3/ros2_workspace/ros2_ws/install/ros2_rfid_mapping/bin'
[0.683s] Level 1:colcon.colcon_core.environment:checking '/home/carvinaxe3/ros2_workspace/ros2_ws/install/ros2_rfid_mapping/lib/pkgconfig/ros2_rfid_mapping.pc'
[0.683s] Level 1:colcon.colcon_core.environment:checking '/home/carvinaxe3/ros2_workspace/ros2_ws/install/ros2_rfid_mapping/lib/python3.8/site-packages'
[0.683s] Level 1:colcon.colcon_core.environment:checking '/home/carvinaxe3/ros2_workspace/ros2_ws/install/ros2_rfid_mapping/bin'
[0.685s] INFO:colcon.colcon_core.shell:Creating package script '/home/carvinaxe3/ros2_workspace/ros2_ws/install/ros2_rfid_mapping/share/ros2_rfid_mapping/package.ps1'
[0.685s] INFO:colcon.colcon_core.shell:Creating package descriptor '/home/carvinaxe3/ros2_workspace/ros2_ws/install/ros2_rfid_mapping/share/ros2_rfid_mapping/package.dsv'
[0.686s] INFO:colcon.colcon_core.shell:Creating package script '/home/carvinaxe3/ros2_workspace/ros2_ws/install/ros2_rfid_mapping/share/ros2_rfid_mapping/package.sh'
[0.686s] INFO:colcon.colcon_core.shell:Creating package script '/home/carvinaxe3/ros2_workspace/ros2_ws/install/ros2_rfid_mapping/share/ros2_rfid_mapping/package.bash'
[0.687s] INFO:colcon.colcon_core.shell:Creating package script '/home/carvinaxe3/ros2_workspace/ros2_ws/install/ros2_rfid_mapping/share/ros2_rfid_mapping/package.zsh'
[0.687s] Level 1:colcon.colcon_core.environment:create_file_with_runtime_dependencies(/home/carvinaxe3/ros2_workspace/ros2_ws/install/ros2_rfid_mapping/share/colcon-core/packages/ros2_rfid_mapping)
[0.955s] DEBUG:colcon.colcon_core.event_handler.log_command:Invoking command in '/home/carvinaxe3/ros2_workspace/ros2_ws/src/rfid_test': PYTHONPATH=/home/carvinaxe3/ros2_workspace/ros2_ws/build/rfid_test/prefix_override:/home/carvinaxe3/ros2_workspace/ros2_ws/install/rfid_test/lib/python3.8/site-packages:${PYTHONPATH} /usr/bin/python3 setup.py egg_info --egg-base ../../build/rfid_test build --build-base /home/carvinaxe3/ros2_workspace/ros2_ws/build/rfid_test/build install --record /home/carvinaxe3/ros2_workspace/ros2_ws/build/rfid_test/install.log --install-scripts $base/lib/rfid_test --single-version-externally-managed
[1.229s] Level 1:colcon.colcon_core.environment:checking '/home/carvinaxe3/ros2_workspace/ros2_ws/install/rfid_test' for CMake module files
[1.229s] DEBUG:colcon.colcon_core.event_handler.log_command:Invoked command in '/home/carvinaxe3/ros2_workspace/ros2_ws/src/rfid_test' returned '0': PYTHONPATH=/home/carvinaxe3/ros2_workspace/ros2_ws/build/rfid_test/prefix_override:/home/carvinaxe3/ros2_workspace/ros2_ws/install/rfid_test/lib/python3.8/site-packages:${PYTHONPATH} /usr/bin/python3 setup.py egg_info --egg-base ../../build/rfid_test build --build-base /home/carvinaxe3/ros2_workspace/ros2_ws/build/rfid_test/build install --record /home/carvinaxe3/ros2_workspace/ros2_ws/build/rfid_test/install.log --install-scripts $base/lib/rfid_test --single-version-externally-managed
[1.230s] Level 1:colcon.colcon_core.environment:checking '/home/carvinaxe3/ros2_workspace/ros2_ws/install/rfid_test' for CMake config files
[1.230s] Level 1:colcon.colcon_core.environment:checking '/home/carvinaxe3/ros2_workspace/ros2_ws/install/rfid_test/lib'
[1.231s] Level 1:colcon.colcon_core.environment:checking '/home/carvinaxe3/ros2_workspace/ros2_ws/install/rfid_test/bin'
[1.231s] Level 1:colcon.colcon_core.environment:checking '/home/carvinaxe3/ros2_workspace/ros2_ws/install/rfid_test/lib/pkgconfig/rfid_test.pc'
[1.231s] Level 1:colcon.colcon_core.environment:checking '/home/carvinaxe3/ros2_workspace/ros2_ws/install/rfid_test/lib/python3.8/site-packages'
[1.231s] Level 1:colcon.colcon_core.shell:create_environment_hook('rfid_test', 'pythonpath')
[1.234s] INFO:colcon.colcon_core.shell:Creating environment hook '/home/carvinaxe3/ros2_workspace/ros2_ws/install/rfid_test/share/rfid_test/hook/pythonpath.ps1'
[1.235s] INFO:colcon.colcon_core.shell:Creating environment descriptor '/home/carvinaxe3/ros2_workspace/ros2_ws/install/rfid_test/share/rfid_test/hook/pythonpath.dsv'
[1.235s] INFO:colcon.colcon_core.shell:Creating environment hook '/home/carvinaxe3/ros2_workspace/ros2_ws/install/rfid_test/share/rfid_test/hook/pythonpath.sh'
[1.236s] Level 1:colcon.colcon_core.environment:checking '/home/carvinaxe3/ros2_workspace/ros2_ws/install/rfid_test/bin'
[1.236s] Level 1:colcon.colcon_core.environment:create_environment_scripts_only(rfid_test)
[1.237s] INFO:colcon.colcon_core.shell:Creating package script '/home/carvinaxe3/ros2_workspace/ros2_ws/install/rfid_test/share/rfid_test/package.ps1'
[1.238s] INFO:colcon.colcon_core.shell:Creating package descriptor '/home/carvinaxe3/ros2_workspace/ros2_ws/install/rfid_test/share/rfid_test/package.dsv'
[1.238s] INFO:colcon.colcon_core.shell:Creating package script '/home/carvinaxe3/ros2_workspace/ros2_ws/install/rfid_test/share/rfid_test/package.sh'
[1.238s] INFO:colcon.colcon_core.shell:Creating package script '/home/carvinaxe3/ros2_workspace/ros2_ws/install/rfid_test/share/rfid_test/package.bash'
[1.239s] INFO:colcon.colcon_core.shell:Creating package script '/home/carvinaxe3/ros2_workspace/ros2_ws/install/rfid_test/share/rfid_test/package.zsh'
[1.239s] Level 1:colcon.colcon_core.environment:create_file_with_runtime_dependencies(/home/carvinaxe3/ros2_workspace/ros2_ws/install/rfid_test/share/colcon-core/packages/rfid_test)
[1.239s] DEBUG:colcon.colcon_parallel_executor.executor.parallel:closing loop
[1.240s] DEBUG:colcon.colcon_parallel_executor.executor.parallel:loop closed
[1.240s] DEBUG:colcon.colcon_parallel_executor.executor.parallel:run_until_complete finished with '0'
[1.240s] DEBUG:colcon.colcon_core.event_reactor:joining thread
[1.246s] INFO:colcon.colcon_core.plugin_system:Skipping extension 'colcon_notification.desktop_notification.terminal_notifier': Not used on non-Darwin systems
[1.246s] INFO:colcon.colcon_core.plugin_system:Skipping extension 'colcon_notification.desktop_notification.win32': Not used on non-Windows systems
[1.246s] INFO:colcon.colcon_notification.desktop_notification:Sending desktop notification using 'notify2'
[1.267s] DEBUG:colcon.colcon_core.event_reactor:joined thread
[1.269s] INFO:colcon.colcon_core.shell:Creating prefix script '/home/carvinaxe3/ros2_workspace/ros2_ws/install/local_setup.ps1'
[1.270s] INFO:colcon.colcon_core.shell:Creating prefix util module '/home/carvinaxe3/ros2_workspace/ros2_ws/install/_local_setup_util_ps1.py'
[1.271s] INFO:colcon.colcon_core.shell:Creating prefix chain script '/home/carvinaxe3/ros2_workspace/ros2_ws/install/setup.ps1'
[1.272s] INFO:colcon.colcon_core.shell:Creating prefix script '/home/carvinaxe3/ros2_workspace/ros2_ws/install/local_setup.sh'
[1.273s] INFO:colcon.colcon_core.shell:Creating prefix util module '/home/carvinaxe3/ros2_workspace/ros2_ws/install/_local_setup_util_sh.py'
[1.273s] INFO:colcon.colcon_core.shell:Creating prefix chain script '/home/carvinaxe3/ros2_workspace/ros2_ws/install/setup.sh'
[1.275s] INFO:colcon.colcon_core.shell:Creating prefix script '/home/carvinaxe3/ros2_workspace/ros2_ws/install/local_setup.bash'
[1.276s] INFO:colcon.colcon_core.shell:Creating prefix chain script '/home/carvinaxe3/ros2_workspace/ros2_ws/install/setup.bash'
[1.277s] INFO:colcon.colcon_core.shell:Creating prefix script '/home/carvinaxe3/ros2_workspace/ros2_ws/install/local_setup.zsh'
[1.278s] INFO:colcon.colcon_core.shell:Creating prefix chain script '/home/carvinaxe3/ros2_workspace/ros2_ws/install/setup.zsh'
