[0.616s] Invoking command in '/home/carvinaxe3/turtlebot_rfid_master/ros2_ws/src/rfid_publisher': PYTHONPATH=/home/carvinaxe3/turtlebot_rfid_master/ros2_ws/build/rfid_publisher/prefix_override:/home/carvinaxe3/turtlebot_rfid_master/ros2_ws/install/rfid_publisher/lib/python3.8/site-packages:${PYTHONPATH} /usr/bin/python3 setup.py egg_info --egg-base ../../build/rfid_publisher build --build-base /home/carvinaxe3/turtlebot_rfid_master/ros2_ws/build/rfid_publisher/build install --record /home/carvinaxe3/turtlebot_rfid_master/ros2_ws/build/rfid_publisher/install.log --install-scripts $base/lib/rfid_publisher --single-version-externally-managed
[0.815s] running egg_info
[0.815s] creating ../../build/rfid_publisher/rfid_publisher.egg-info
[0.815s] writing ../../build/rfid_publisher/rfid_publisher.egg-info/PKG-INFO
[0.816s] writing dependency_links to ../../build/rfid_publisher/rfid_publisher.egg-info/dependency_links.txt
[0.816s] writing entry points to ../../build/rfid_publisher/rfid_publisher.egg-info/entry_points.txt
[0.816s] writing requirements to ../../build/rfid_publisher/rfid_publisher.egg-info/requires.txt
[0.816s] writing top-level names to ../../build/rfid_publisher/rfid_publisher.egg-info/top_level.txt
[0.818s] writing manifest file '../../build/rfid_publisher/rfid_publisher.egg-info/SOURCES.txt'
[0.848s] reading manifest file '../../build/rfid_publisher/rfid_publisher.egg-info/SOURCES.txt'
[0.849s] writing manifest file '../../build/rfid_publisher/rfid_publisher.egg-info/SOURCES.txt'
[0.849s] running build
[0.849s] running build_py
[0.850s] creating /home/carvinaxe3/turtlebot_rfid_master/ros2_ws/build/rfid_publisher/build
[0.850s] creating /home/carvinaxe3/turtlebot_rfid_master/ros2_ws/build/rfid_publisher/build/lib
[0.850s] creating /home/carvinaxe3/turtlebot_rfid_master/ros2_ws/build/rfid_publisher/build/lib/rfid_publisher
[0.850s] copying rfid_publisher/rfid_pub.py -> /home/carvinaxe3/turtlebot_rfid_master/ros2_ws/build/rfid_publisher/build/lib/rfid_publisher
[0.850s] copying rfid_publisher/__init__.py -> /home/carvinaxe3/turtlebot_rfid_master/ros2_ws/build/rfid_publisher/build/lib/rfid_publisher
[0.850s] running install
[0.850s] running install_lib
[0.851s] creating /home/carvinaxe3/turtlebot_rfid_master/ros2_ws/install/rfid_publisher/lib/python3.8/site-packages/rfid_publisher
[0.851s] copying /home/carvinaxe3/turtlebot_rfid_master/ros2_ws/build/rfid_publisher/build/lib/rfid_publisher/rfid_pub.py -> /home/carvinaxe3/turtlebot_rfid_master/ros2_ws/install/rfid_publisher/lib/python3.8/site-packages/rfid_publisher
[0.851s] copying /home/carvinaxe3/turtlebot_rfid_master/ros2_ws/build/rfid_publisher/build/lib/rfid_publisher/__init__.py -> /home/carvinaxe3/turtlebot_rfid_master/ros2_ws/install/rfid_publisher/lib/python3.8/site-packages/rfid_publisher
[0.852s] byte-compiling /home/carvinaxe3/turtlebot_rfid_master/ros2_ws/install/rfid_publisher/lib/python3.8/site-packages/rfid_publisher/rfid_pub.py to rfid_pub.cpython-38.pyc
[0.853s] byte-compiling /home/carvinaxe3/turtlebot_rfid_master/ros2_ws/install/rfid_publisher/lib/python3.8/site-packages/rfid_publisher/__init__.py to __init__.cpython-38.pyc
[0.853s] running install_data
[0.854s] creating /home/carvinaxe3/turtlebot_rfid_master/ros2_ws/install/rfid_publisher/share/ament_index
[0.854s] creating /home/carvinaxe3/turtlebot_rfid_master/ros2_ws/install/rfid_publisher/share/ament_index/resource_index
[0.854s] creating /home/carvinaxe3/turtlebot_rfid_master/ros2_ws/install/rfid_publisher/share/ament_index/resource_index/packages
[0.854s] copying resource/rfid_publisher -> /home/carvinaxe3/turtlebot_rfid_master/ros2_ws/install/rfid_publisher/share/ament_index/resource_index/packages
[0.854s] copying package.xml -> /home/carvinaxe3/turtlebot_rfid_master/ros2_ws/install/rfid_publisher/share/rfid_publisher
[0.854s] running install_egg_info
[0.855s] Copying ../../build/rfid_publisher/rfid_publisher.egg-info to /home/carvinaxe3/turtlebot_rfid_master/ros2_ws/install/rfid_publisher/lib/python3.8/site-packages/rfid_publisher-0.0.0-py3.8.egg-info
[0.856s] running install_scripts
[0.871s] Installing rfid_talker script to /home/carvinaxe3/turtlebot_rfid_master/ros2_ws/install/rfid_publisher/lib/rfid_publisher
[0.872s] writing list of installed files to '/home/carvinaxe3/turtlebot_rfid_master/ros2_ws/build/rfid_publisher/install.log'
[0.894s] Invoked command in '/home/carvinaxe3/turtlebot_rfid_master/ros2_ws/src/rfid_publisher' returned '0': PYTHONPATH=/home/carvinaxe3/turtlebot_rfid_master/ros2_ws/build/rfid_publisher/prefix_override:/home/carvinaxe3/turtlebot_rfid_master/ros2_ws/install/rfid_publisher/lib/python3.8/site-packages:${PYTHONPATH} /usr/bin/python3 setup.py egg_info --egg-base ../../build/rfid_publisher build --build-base /home/carvinaxe3/turtlebot_rfid_master/ros2_ws/build/rfid_publisher/build install --record /home/carvinaxe3/turtlebot_rfid_master/ros2_ws/build/rfid_publisher/install.log --install-scripts $base/lib/rfid_publisher --single-version-externally-managed
