[0.201s] Invoking command in '/home/carvinaxe3/ros2_workspace/ros2_ws/build/ros2_rfid_mapping': /usr/bin/cmake /home/carvinaxe3/ros2_workspace/ros2_ws/src/ros2_rfid_mapping -DCMAKE_INSTALL_PREFIX=/home/carvinaxe3/ros2_workspace/ros2_ws/install/ros2_rfid_mapping
[0.224s] CMake Error at CMakeLists.txt:19 (find_package):
[0.224s]   By not providing "Findament_cmake.cmake" in CMAKE_MODULE_PATH this project
[0.224s]   has asked CMake to find a package configuration file provided by
[0.224s]   "ament_cmake", but CMake did not find one.
[0.224s] 
[0.224s]   Could not find a package configuration file provided by "ament_cmake" with
[0.224s]   any of the following names:
[0.224s] 
[0.224s]     ament_cmakeConfig.cmake
[0.224s]     ament_cmake-config.cmake
[0.224s] 
[0.224s]   Add the installation prefix of "ament_cmake" to CMAKE_PREFIX_PATH or set
[0.225s]   "ament_cmake_DIR" to a directory containing one of the above files.  If
[0.225s]   "ament_cmake" provides a separate development package or SDK, be sure it
[0.225s]   has been installed.
[0.225s] 
[0.225s] 
[0.225s] -- Configuring incomplete, errors occurred!
[0.225s] See also "/home/carvinaxe3/ros2_workspace/ros2_ws/build/ros2_rfid_mapping/CMakeFiles/CMakeOutput.log".
[0.226s] Invoked command in '/home/carvinaxe3/ros2_workspace/ros2_ws/build/ros2_rfid_mapping' returned '1': /usr/bin/cmake /home/carvinaxe3/ros2_workspace/ros2_ws/src/ros2_rfid_mapping -DCMAKE_INSTALL_PREFIX=/home/carvinaxe3/ros2_workspace/ros2_ws/install/ros2_rfid_mapping
