[0.242s] Invoking command in '/home/carvinaxe3/ros2_workspace/ros2_ws/build/ros2_rfid_mapping': CMAKE_PREFIX_PATH=${CMAKE_PREFIX_PATH}:/home/carvinaxe3/ros2_workspace/ros2_ws/install/rfid_test:/opt/ros/foxy /usr/bin/cmake --build /home/carvinaxe3/ros2_workspace/ros2_ws/build/ros2_rfid_mapping -- -j8 -l8
[0.266s] -- Found ament_cmake: 0.9.11 (/opt/ros/foxy/share/ament_cmake/cmake)
[0.286s] -- Using PYTHON_EXECUTABLE: /usr/bin/python3
[0.462s] -- Found ament_lint_auto: 0.9.7 (/opt/ros/foxy/share/ament_lint_auto/cmake)
[0.523s] -- Added test 'copyright' to check source files copyright and LICENSE
[0.524s] -- Added test 'flake8' to check Python code syntax and style conventions
[0.524s] -- Added test 'lint_cmake' to check CMake code style
[0.525s] -- Added test 'pep257' to check Python code against some of the style conventions in PEP 257
[0.525s] -- Added test 'xmllint' to check XML markup files
[0.527s] -- Configuring done
[0.529s] -- Generating done
[0.530s] -- Build files have been written to: /home/carvinaxe3/ros2_workspace/ros2_ws/build/ros2_rfid_mapping
[0.553s] Invoked command in '/home/carvinaxe3/ros2_workspace/ros2_ws/build/ros2_rfid_mapping' returned '0': CMAKE_PREFIX_PATH=${CMAKE_PREFIX_PATH}:/home/carvinaxe3/ros2_workspace/ros2_ws/install/rfid_test:/opt/ros/foxy /usr/bin/cmake --build /home/carvinaxe3/ros2_workspace/ros2_ws/build/ros2_rfid_mapping -- -j8 -l8
[0.588s] Invoking command in '/home/carvinaxe3/ros2_workspace/ros2_ws/build/ros2_rfid_mapping': CMAKE_PREFIX_PATH=${CMAKE_PREFIX_PATH}:/home/carvinaxe3/ros2_workspace/ros2_ws/install/rfid_test:/opt/ros/foxy /usr/bin/cmake --install /home/carvinaxe3/ros2_workspace/ros2_ws/build/ros2_rfid_mapping
[0.599s] -- Install configuration: ""
[0.599s] -- Installing: /home/carvinaxe3/ros2_workspace/ros2_ws/install/ros2_rfid_mapping/launch/ros2_rfid_mapping/launch
[0.599s] -- Installing: /home/carvinaxe3/ros2_workspace/ros2_ws/install/ros2_rfid_mapping/launch/ros2_rfid_mapping/launch/online_async_launch.py
[0.599s] -- Up-to-date: /home/carvinaxe3/ros2_workspace/ros2_ws/install/ros2_rfid_mapping/share/ament_index/resource_index/package_run_dependencies/ros2_rfid_mapping
[0.599s] -- Installing: /home/carvinaxe3/ros2_workspace/ros2_ws/install/ros2_rfid_mapping/share/ament_index/resource_index/parent_prefix_path/ros2_rfid_mapping
[0.599s] -- Up-to-date: /home/carvinaxe3/ros2_workspace/ros2_ws/install/ros2_rfid_mapping/share/ros2_rfid_mapping/environment/ament_prefix_path.sh
[0.599s] -- Installing: /home/carvinaxe3/ros2_workspace/ros2_ws/install/ros2_rfid_mapping/share/ros2_rfid_mapping/environment/ament_prefix_path.dsv
[0.600s] -- Up-to-date: /home/carvinaxe3/ros2_workspace/ros2_ws/install/ros2_rfid_mapping/share/ros2_rfid_mapping/environment/path.sh
[0.600s] -- Installing: /home/carvinaxe3/ros2_workspace/ros2_ws/install/ros2_rfid_mapping/share/ros2_rfid_mapping/environment/path.dsv
[0.600s] -- Up-to-date: /home/carvinaxe3/ros2_workspace/ros2_ws/install/ros2_rfid_mapping/share/ros2_rfid_mapping/local_setup.bash
[0.600s] -- Up-to-date: /home/carvinaxe3/ros2_workspace/ros2_ws/install/ros2_rfid_mapping/share/ros2_rfid_mapping/local_setup.sh
[0.600s] -- Up-to-date: /home/carvinaxe3/ros2_workspace/ros2_ws/install/ros2_rfid_mapping/share/ros2_rfid_mapping/local_setup.zsh
[0.600s] -- Installing: /home/carvinaxe3/ros2_workspace/ros2_ws/install/ros2_rfid_mapping/share/ros2_rfid_mapping/local_setup.dsv
[0.600s] -- Installing: /home/carvinaxe3/ros2_workspace/ros2_ws/install/ros2_rfid_mapping/share/ros2_rfid_mapping/package.dsv
[0.600s] -- Up-to-date: /home/carvinaxe3/ros2_workspace/ros2_ws/install/ros2_rfid_mapping/share/ament_index/resource_index/packages/ros2_rfid_mapping
[0.600s] -- Up-to-date: /home/carvinaxe3/ros2_workspace/ros2_ws/install/ros2_rfid_mapping/share/ros2_rfid_mapping/cmake/ros2_rfid_mappingConfig.cmake
[0.600s] -- Up-to-date: /home/carvinaxe3/ros2_workspace/ros2_ws/install/ros2_rfid_mapping/share/ros2_rfid_mapping/cmake/ros2_rfid_mappingConfig-version.cmake
[0.600s] -- Up-to-date: /home/carvinaxe3/ros2_workspace/ros2_ws/install/ros2_rfid_mapping/share/ros2_rfid_mapping/package.xml
[0.602s] Invoked command in '/home/carvinaxe3/ros2_workspace/ros2_ws/build/ros2_rfid_mapping' returned '0': CMAKE_PREFIX_PATH=${CMAKE_PREFIX_PATH}:/home/carvinaxe3/ros2_workspace/ros2_ws/install/rfid_test:/opt/ros/foxy /usr/bin/cmake --install /home/carvinaxe3/ros2_workspace/ros2_ws/build/ros2_rfid_mapping
