[0.244s] Invoking command in '/home/carvinaxe3/ros2_workspace/ros2_ws/build/ros2_rfid_mapping': CMAKE_PREFIX_PATH=${CMAKE_PREFIX_PATH}:/home/carvinaxe3/ros2_workspace/ros2_ws/install/rfid_test:/opt/ros/foxy /usr/bin/cmake --build /home/carvinaxe3/ros2_workspace/ros2_ws/build/ros2_rfid_mapping -- -j8 -l8
[0.285s] Invoked command in '/home/carvinaxe3/ros2_workspace/ros2_ws/build/ros2_rfid_mapping' returned '0': CMAKE_PREFIX_PATH=${CMAKE_PREFIX_PATH}:/home/carvinaxe3/ros2_workspace/ros2_ws/install/rfid_test:/opt/ros/foxy /usr/bin/cmake --build /home/carvinaxe3/ros2_workspace/ros2_ws/build/ros2_rfid_mapping -- -j8 -l8
[0.318s] Invoking command in '/home/carvinaxe3/ros2_workspace/ros2_ws/build/ros2_rfid_mapping': CMAKE_PREFIX_PATH=${CMAKE_PREFIX_PATH}:/home/carvinaxe3/ros2_workspace/ros2_ws/install/rfid_test:/opt/ros/foxy /usr/bin/cmake --install /home/carvinaxe3/ros2_workspace/ros2_ws/build/ros2_rfid_mapping
[0.326s] -- Install configuration: ""
[0.327s] -- Up-to-date: /home/carvinaxe3/ros2_workspace/ros2_ws/install/ros2_rfid_mapping/share/ros2_rfid_mapping/launch
[0.327s] -- Up-to-date: /home/carvinaxe3/ros2_workspace/ros2_ws/install/ros2_rfid_mapping/share/ros2_rfid_mapping/launch/online_async_launch.py
[0.327s] -- Up-to-date: /home/carvinaxe3/ros2_workspace/ros2_ws/install/ros2_rfid_mapping/share/ros2_rfid_mapping/config
[0.327s] -- Installing: /home/carvinaxe3/ros2_workspace/ros2_ws/install/ros2_rfid_mapping/share/ros2_rfid_mapping/config/mapper_params_online_async.yaml
[0.328s] -- Up-to-date: /home/carvinaxe3/ros2_workspace/ros2_ws/install/ros2_rfid_mapping/share/ament_index/resource_index/package_run_dependencies/ros2_rfid_mapping
[0.328s] -- Up-to-date: /home/carvinaxe3/ros2_workspace/ros2_ws/install/ros2_rfid_mapping/share/ament_index/resource_index/parent_prefix_path/ros2_rfid_mapping
[0.328s] -- Up-to-date: /home/carvinaxe3/ros2_workspace/ros2_ws/install/ros2_rfid_mapping/share/ros2_rfid_mapping/environment/ament_prefix_path.sh
[0.328s] -- Up-to-date: /home/carvinaxe3/ros2_workspace/ros2_ws/install/ros2_rfid_mapping/share/ros2_rfid_mapping/environment/ament_prefix_path.dsv
[0.328s] -- Up-to-date: /home/carvinaxe3/ros2_workspace/ros2_ws/install/ros2_rfid_mapping/share/ros2_rfid_mapping/environment/path.sh
[0.328s] -- Up-to-date: /home/carvinaxe3/ros2_workspace/ros2_ws/install/ros2_rfid_mapping/share/ros2_rfid_mapping/environment/path.dsv
[0.328s] -- Up-to-date: /home/carvinaxe3/ros2_workspace/ros2_ws/install/ros2_rfid_mapping/share/ros2_rfid_mapping/local_setup.bash
[0.329s] -- Up-to-date: /home/carvinaxe3/ros2_workspace/ros2_ws/install/ros2_rfid_mapping/share/ros2_rfid_mapping/local_setup.sh
[0.329s] -- Up-to-date: /home/carvinaxe3/ros2_workspace/ros2_ws/install/ros2_rfid_mapping/share/ros2_rfid_mapping/local_setup.zsh
[0.329s] -- Up-to-date: /home/carvinaxe3/ros2_workspace/ros2_ws/install/ros2_rfid_mapping/share/ros2_rfid_mapping/local_setup.dsv
[0.329s] -- Installing: /home/carvinaxe3/ros2_workspace/ros2_ws/install/ros2_rfid_mapping/share/ros2_rfid_mapping/package.dsv
[0.329s] -- Up-to-date: /home/carvinaxe3/ros2_workspace/ros2_ws/install/ros2_rfid_mapping/share/ament_index/resource_index/packages/ros2_rfid_mapping
[0.329s] -- Up-to-date: /home/carvinaxe3/ros2_workspace/ros2_ws/install/ros2_rfid_mapping/share/ros2_rfid_mapping/cmake/ros2_rfid_mappingConfig.cmake
[0.329s] -- Up-to-date: /home/carvinaxe3/ros2_workspace/ros2_ws/install/ros2_rfid_mapping/share/ros2_rfid_mapping/cmake/ros2_rfid_mappingConfig-version.cmake
[0.330s] -- Up-to-date: /home/carvinaxe3/ros2_workspace/ros2_ws/install/ros2_rfid_mapping/share/ros2_rfid_mapping/package.xml
[0.332s] Invoked command in '/home/carvinaxe3/ros2_workspace/ros2_ws/build/ros2_rfid_mapping' returned '0': CMAKE_PREFIX_PATH=${CMAKE_PREFIX_PATH}:/home/carvinaxe3/ros2_workspace/ros2_ws/install/rfid_test:/opt/ros/foxy /usr/bin/cmake --install /home/carvinaxe3/ros2_workspace/ros2_ws/build/ros2_rfid_mapping
