[0.151s] DEBUG:colcon:Command line arguments: ['/usr/bin/colcon', 'build']
[0.151s] DEBUG:colcon:Parsed command line arguments: Namespace(allow_overriding=[], ament_cmake_args=None, base_paths=['.'], build_base='build', catkin_cmake_args=None, catkin_skip_building_tests=False, cmake_args=None, cmake_clean_cache=False, cmake_clean_first=False, cmake_force_configure=False, cmake_target=None, cmake_target_skip_unavailable=False, continue_on_error=False, event_handlers=None, executor='parallel', ignore_user_meta=False, install_base='install', log_base=None, log_level=None, main=<bound method BuildVerb.main of <colcon_core.verb.build.BuildVerb object at 0x7efd7ad74b80>>, merge_install=False, metas=['./colcon.meta'], packages_above=None, packages_above_and_dependencies=None, packages_above_depth=None, packages_end=None, packages_ignore=None, packages_ignore_regex=None, packages_select=None, packages_select_build_failed=False, packages_select_by_dep=None, packages_select_regex=None, packages_select_test_failures=False, packages_skip=None, packages_skip_build_finished=False, packages_skip_by_dep=None, packages_skip_regex=None, packages_skip_test_passed=False, packages_skip_up_to=None, packages_start=None, packages_up_to=None, packages_up_to_regex=None, parallel_workers=8, paths=None, symlink_install=False, test_result_base=None, verb_extension=<colcon_core.verb.build.BuildVerb object at 0x7efd7ad74b80>, verb_name='build', verb_parser=<colcon_defaults.argument_parser.defaults.DefaultArgumentsDecorator object at 0x7efd7ad7f130>)
[0.175s] Level 1:colcon.colcon_core.package_discovery:discover_packages(colcon_meta) check parameters
[0.175s] Level 1:colcon.colcon_core.package_discovery:discover_packages(recursive) check parameters
[0.175s] Level 1:colcon.colcon_core.package_discovery:discover_packages(ignore) check parameters
[0.175s] Level 1:colcon.colcon_core.package_discovery:discover_packages(path) check parameters
[0.175s] Level 1:colcon.colcon_core.package_discovery:discover_packages(colcon_meta) discover
[0.175s] Level 1:colcon.colcon_core.package_discovery:discover_packages(recursive) discover
[0.175s] INFO:colcon.colcon_core.package_discovery:Crawling recursively for packages in '/home/carvinaxe3/ros2_workspace/ros2_ws'
[0.175s] Level 1:colcon.colcon_core.package_identification:_identify(.) by extensions ['ignore', 'ignore_ament_install']
[0.176s] Level 1:colcon.colcon_core.package_identification:_identify(.) by extension 'ignore'
[0.176s] Level 1:colcon.colcon_core.package_identification:_identify(.) by extension 'ignore_ament_install'
[0.176s] Level 1:colcon.colcon_core.package_identification:_identify(.) by extensions ['colcon_pkg']
[0.176s] Level 1:colcon.colcon_core.package_identification:_identify(.) by extension 'colcon_pkg'
[0.176s] Level 1:colcon.colcon_core.package_identification:_identify(.) by extensions ['colcon_meta']
[0.176s] Level 1:colcon.colcon_core.package_identification:_identify(.) by extension 'colcon_meta'
[0.176s] Level 1:colcon.colcon_core.package_identification:_identify(.) by extensions ['ros']
[0.176s] Level 1:colcon.colcon_core.package_identification:_identify(.) by extension 'ros'
[0.186s] Level 1:colcon.colcon_core.package_identification:_identify(.) by extensions ['cmake', 'python']
[0.186s] Level 1:colcon.colcon_core.package_identification:_identify(.) by extension 'cmake'
[0.186s] Level 1:colcon.colcon_core.package_identification:_identify(.) by extension 'python'
[0.186s] Level 1:colcon.colcon_core.package_identification:_identify(.) by extensions ['python_setup_py']
[0.186s] Level 1:colcon.colcon_core.package_identification:_identify(.) by extension 'python_setup_py'
[0.187s] Level 1:colcon.colcon_core.package_identification:_identify(build) by extensions ['ignore', 'ignore_ament_install']
[0.187s] Level 1:colcon.colcon_core.package_identification:_identify(build) by extension 'ignore'
[0.187s] Level 1:colcon.colcon_core.package_identification:_identify(build) ignored
[0.187s] Level 1:colcon.colcon_core.package_identification:_identify(install) by extensions ['ignore', 'ignore_ament_install']
[0.187s] Level 1:colcon.colcon_core.package_identification:_identify(install) by extension 'ignore'
[0.187s] Level 1:colcon.colcon_core.package_identification:_identify(install) ignored
[0.187s] Level 1:colcon.colcon_core.package_identification:_identify(log) by extensions ['ignore', 'ignore_ament_install']
[0.187s] Level 1:colcon.colcon_core.package_identification:_identify(log) by extension 'ignore'
[0.187s] Level 1:colcon.colcon_core.package_identification:_identify(log) ignored
[0.187s] Level 1:colcon.colcon_core.package_identification:_identify(src) by extensions ['ignore', 'ignore_ament_install']
[0.187s] Level 1:colcon.colcon_core.package_identification:_identify(src) by extension 'ignore'
[0.187s] Level 1:colcon.colcon_core.package_identification:_identify(src) by extension 'ignore_ament_install'
[0.188s] Level 1:colcon.colcon_core.package_identification:_identify(src) by extensions ['colcon_pkg']
[0.188s] Level 1:colcon.colcon_core.package_identification:_identify(src) by extension 'colcon_pkg'
[0.188s] Level 1:colcon.colcon_core.package_identification:_identify(src) by extensions ['colcon_meta']
[0.188s] Level 1:colcon.colcon_core.package_identification:_identify(src) by extension 'colcon_meta'
[0.188s] Level 1:colcon.colcon_core.package_identification:_identify(src) by extensions ['ros']
[0.188s] Level 1:colcon.colcon_core.package_identification:_identify(src) by extension 'ros'
[0.188s] Level 1:colcon.colcon_core.package_identification:_identify(src) by extensions ['cmake', 'python']
[0.188s] Level 1:colcon.colcon_core.package_identification:_identify(src) by extension 'cmake'
[0.188s] Level 1:colcon.colcon_core.package_identification:_identify(src) by extension 'python'
[0.188s] Level 1:colcon.colcon_core.package_identification:_identify(src) by extensions ['python_setup_py']
[0.188s] Level 1:colcon.colcon_core.package_identification:_identify(src) by extension 'python_setup_py'
[0.188s] Level 1:colcon.colcon_core.package_identification:_identify(src/rfid_test) by extensions ['ignore', 'ignore_ament_install']
[0.188s] Level 1:colcon.colcon_core.package_identification:_identify(src/rfid_test) by extension 'ignore'
[0.188s] Level 1:colcon.colcon_core.package_identification:_identify(src/rfid_test) by extension 'ignore_ament_install'
[0.188s] Level 1:colcon.colcon_core.package_identification:_identify(src/rfid_test) by extensions ['colcon_pkg']
[0.188s] Level 1:colcon.colcon_core.package_identification:_identify(src/rfid_test) by extension 'colcon_pkg'
[0.188s] Level 1:colcon.colcon_core.package_identification:_identify(src/rfid_test) by extensions ['colcon_meta']
[0.188s] Level 1:colcon.colcon_core.package_identification:_identify(src/rfid_test) by extension 'colcon_meta'
[0.188s] Level 1:colcon.colcon_core.package_identification:_identify(src/rfid_test) by extensions ['ros']
[0.188s] Level 1:colcon.colcon_core.package_identification:_identify(src/rfid_test) by extension 'ros'
[0.192s] DEBUG:colcon.colcon_core.package_identification:Package 'src/rfid_test' with type 'ros.ament_python' and name 'rfid_test'
[0.192s] Level 1:colcon.colcon_core.package_identification:_identify(src/ros2_rfid_mapping) by extensions ['ignore', 'ignore_ament_install']
[0.192s] Level 1:colcon.colcon_core.package_identification:_identify(src/ros2_rfid_mapping) by extension 'ignore'
[0.192s] Level 1:colcon.colcon_core.package_identification:_identify(src/ros2_rfid_mapping) by extension 'ignore_ament_install'
[0.192s] Level 1:colcon.colcon_core.package_identification:_identify(src/ros2_rfid_mapping) by extensions ['colcon_pkg']
[0.192s] Level 1:colcon.colcon_core.package_identification:_identify(src/ros2_rfid_mapping) by extension 'colcon_pkg'
[0.192s] Level 1:colcon.colcon_core.package_identification:_identify(src/ros2_rfid_mapping) by extensions ['colcon_meta']
[0.192s] Level 1:colcon.colcon_core.package_identification:_identify(src/ros2_rfid_mapping) by extension 'colcon_meta'
[0.192s] Level 1:colcon.colcon_core.package_identification:_identify(src/ros2_rfid_mapping) by extensions ['ros']
[0.192s] Level 1:colcon.colcon_core.package_identification:_identify(src/ros2_rfid_mapping) by extension 'ros'
[0.193s] DEBUG:colcon.colcon_core.package_identification:Package 'src/ros2_rfid_mapping' with type 'ros.ament_cmake' and name 'ros2_rfid_mapping'
[0.193s] Level 1:colcon.colcon_core.package_discovery:discover_packages(recursive) using defaults
[0.193s] Level 1:colcon.colcon_core.package_discovery:discover_packages(ignore) discover
[0.193s] Level 1:colcon.colcon_core.package_discovery:discover_packages(ignore) using defaults
[0.193s] Level 1:colcon.colcon_core.package_discovery:discover_packages(path) discover
[0.193s] Level 1:colcon.colcon_core.package_discovery:discover_packages(path) using defaults
[0.223s] Level 1:colcon.colcon_core.package_discovery:discover_packages(prefix_path) check parameters
[0.223s] Level 1:colcon.colcon_core.package_discovery:discover_packages(prefix_path) discover
[0.226s] DEBUG:colcon.colcon_installed_package_information.package_discovery:Found 2 installed packages in /home/carvinaxe3/ros2_workspace/ros2_ws/install
[0.228s] DEBUG:colcon.colcon_installed_package_information.package_discovery:Found 333 installed packages in /opt/ros/foxy
[0.233s] Level 1:colcon.colcon_core.package_discovery:discover_packages(prefix_path) using defaults
[0.308s] Level 5:colcon.colcon_core.verb:set package 'rfid_test' build argument 'cmake_args' from command line to 'None'
[0.308s] Level 5:colcon.colcon_core.verb:set package 'rfid_test' build argument 'cmake_target' from command line to 'None'
[0.308s] Level 5:colcon.colcon_core.verb:set package 'rfid_test' build argument 'cmake_target_skip_unavailable' from command line to 'False'
[0.308s] Level 5:colcon.colcon_core.verb:set package 'rfid_test' build argument 'cmake_clean_cache' from command line to 'False'
[0.308s] Level 5:colcon.colcon_core.verb:set package 'rfid_test' build argument 'cmake_clean_first' from command line to 'False'
[0.308s] Level 5:colcon.colcon_core.verb:set package 'rfid_test' build argument 'cmake_force_configure' from command line to 'False'
[0.308s] Level 5:colcon.colcon_core.verb:set package 'rfid_test' build argument 'ament_cmake_args' from command line to 'None'
[0.308s] Level 5:colcon.colcon_core.verb:set package 'rfid_test' build argument 'catkin_cmake_args' from command line to 'None'
[0.308s] Level 5:colcon.colcon_core.verb:set package 'rfid_test' build argument 'catkin_skip_building_tests' from command line to 'False'
[0.308s] DEBUG:colcon.colcon_core.verb:Building package 'rfid_test' with the following arguments: {'ament_cmake_args': None, 'build_base': '/home/carvinaxe3/ros2_workspace/ros2_ws/build/rfid_test', 'catkin_cmake_args': None, 'catkin_skip_building_tests': False, 'cmake_args': None, 'cmake_clean_cache': False, 'cmake_clean_first': False, 'cmake_force_configure': False, 'cmake_target': None, 'cmake_target_skip_unavailable': False, 'install_base': '/home/carvinaxe3/ros2_workspace/ros2_ws/install/rfid_test', 'merge_install': False, 'path': '/home/carvinaxe3/ros2_workspace/ros2_ws/src/rfid_test', 'symlink_install': False, 'test_result_base': None}
[0.309s] Level 5:colcon.colcon_core.verb:set package 'ros2_rfid_mapping' build argument 'cmake_args' from command line to 'None'
[0.309s] Level 5:colcon.colcon_core.verb:set package 'ros2_rfid_mapping' build argument 'cmake_target' from command line to 'None'
[0.309s] Level 5:colcon.colcon_core.verb:set package 'ros2_rfid_mapping' build argument 'cmake_target_skip_unavailable' from command line to 'False'
[0.309s] Level 5:colcon.colcon_core.verb:set package 'ros2_rfid_mapping' build argument 'cmake_clean_cache' from command line to 'False'
[0.309s] Level 5:colcon.colcon_core.verb:set package 'ros2_rfid_mapping' build argument 'cmake_clean_first' from command line to 'False'
[0.309s] Level 5:colcon.colcon_core.verb:set package 'ros2_rfid_mapping' build argument 'cmake_force_configure' from command line to 'False'
[0.310s] Level 5:colcon.colcon_core.verb:set package 'ros2_rfid_mapping' build argument 'ament_cmake_args' from command line to 'None'
[0.310s] Level 5:colcon.colcon_core.verb:set package 'ros2_rfid_mapping' build argument 'catkin_cmake_args' from command line to 'None'
[0.310s] Level 5:colcon.colcon_core.verb:set package 'ros2_rfid_mapping' build argument 'catkin_skip_building_tests' from command line to 'False'
[0.310s] DEBUG:colcon.colcon_core.verb:Building package 'ros2_rfid_mapping' with the following arguments: {'ament_cmake_args': None, 'build_base': '/home/carvinaxe3/ros2_workspace/ros2_ws/build/ros2_rfid_mapping', 'catkin_cmake_args': None, 'catkin_skip_building_tests': False, 'cmake_args': None, 'cmake_clean_cache': False, 'cmake_clean_first': False, 'cmake_force_configure': False, 'cmake_target': None, 'cmake_target_skip_unavailable': False, 'install_base': '/home/carvinaxe3/ros2_workspace/ros2_ws/install/ros2_rfid_mapping', 'merge_install': False, 'path': '/home/carvinaxe3/ros2_workspace/ros2_ws/src/ros2_rfid_mapping', 'symlink_install': False, 'test_result_base': None}
[0.310s] INFO:colcon.colcon_core.executor:Executing jobs using 'parallel' executor
[0.314s] DEBUG:colcon.colcon_parallel_executor.executor.parallel:run_until_complete
[0.314s] INFO:colcon.colcon_ros.task.ament_python.build:Building ROS package in '/home/carvinaxe3/ros2_workspace/ros2_ws/src/rfid_test' with build type 'ament_python'
[0.314s] Level 1:colcon.colcon_core.shell:create_environment_hook('rfid_test', 'ament_prefix_path')
[0.318s] INFO:colcon.colcon_core.plugin_system:Skipping extension 'colcon_core.shell.bat': Not used on non-Windows systems
[0.318s] INFO:colcon.colcon_core.shell:Creating environment hook '/home/carvinaxe3/ros2_workspace/ros2_ws/install/rfid_test/share/rfid_test/hook/ament_prefix_path.ps1'
[0.319s] INFO:colcon.colcon_core.shell:Creating environment descriptor '/home/carvinaxe3/ros2_workspace/ros2_ws/install/rfid_test/share/rfid_test/hook/ament_prefix_path.dsv'
[0.319s] INFO:colcon.colcon_core.shell:Creating environment hook '/home/carvinaxe3/ros2_workspace/ros2_ws/install/rfid_test/share/rfid_test/hook/ament_prefix_path.sh'
[0.321s] INFO:colcon.colcon_core.shell:Skip shell extension 'powershell' for command environment: Not usable outside of PowerShell
[0.321s] DEBUG:colcon.colcon_core.shell:Skip shell extension 'dsv' for command environment
[0.328s] INFO:colcon.colcon_ros.task.ament_cmake.build:Building ROS package in '/home/carvinaxe3/ros2_workspace/ros2_ws/src/ros2_rfid_mapping' with build type 'ament_cmake'
[0.328s] INFO:colcon.colcon_cmake.task.cmake.build:Building CMake package in '/home/carvinaxe3/ros2_workspace/ros2_ws/src/ros2_rfid_mapping'
[0.332s] INFO:colcon.colcon_core.shell:Skip shell extension 'powershell' for command environment: Not usable outside of PowerShell
[0.332s] DEBUG:colcon.colcon_core.shell:Skip shell extension 'dsv' for command environment
[0.573s] INFO:colcon.colcon_core.task.python.build:Building Python package in '/home/carvinaxe3/ros2_workspace/ros2_ws/src/rfid_test'
[0.575s] INFO:colcon.colcon_core.shell:Skip shell extension 'powershell' for command environment: Not usable outside of PowerShell
[0.575s] DEBUG:colcon.colcon_core.shell:Skip shell extension 'dsv' for command environment
[0.590s] DEBUG:colcon.colcon_core.event_handler.log_command:Invoking command in '/home/carvinaxe3/ros2_workspace/ros2_ws/build/ros2_rfid_mapping': CMAKE_PREFIX_PATH=${CMAKE_PREFIX_PATH}:/home/carvinaxe3/ros2_workspace/ros2_ws/install/rfid_test:/opt/ros/foxy /usr/bin/cmake --build /home/carvinaxe3/ros2_workspace/ros2_ws/build/ros2_rfid_mapping -- -j8 -l8
[0.632s] DEBUG:colcon.colcon_core.event_handler.log_command:Invoked command in '/home/carvinaxe3/ros2_workspace/ros2_ws/build/ros2_rfid_mapping' returned '0': CMAKE_PREFIX_PATH=${CMAKE_PREFIX_PATH}:/home/carvinaxe3/ros2_workspace/ros2_ws/install/rfid_test:/opt/ros/foxy /usr/bin/cmake --build /home/carvinaxe3/ros2_workspace/ros2_ws/build/ros2_rfid_mapping -- -j8 -l8
[0.667s] DEBUG:colcon.colcon_core.event_handler.log_command:Invoking command in '/home/carvinaxe3/ros2_workspace/ros2_ws/build/ros2_rfid_mapping': CMAKE_PREFIX_PATH=${CMAKE_PREFIX_PATH}:/home/carvinaxe3/ros2_workspace/ros2_ws/install/rfid_test:/opt/ros/foxy /usr/bin/cmake --install /home/carvinaxe3/ros2_workspace/ros2_ws/build/ros2_rfid_mapping
[0.680s] Level 1:colcon.colcon_core.environment:create_environment_scripts_only(ros2_rfid_mapping)
[0.681s] DEBUG:colcon.colcon_core.event_handler.log_command:Invoked command in '/home/carvinaxe3/ros2_workspace/ros2_ws/build/ros2_rfid_mapping' returned '0': CMAKE_PREFIX_PATH=${CMAKE_PREFIX_PATH}:/home/carvinaxe3/ros2_workspace/ros2_ws/install/rfid_test:/opt/ros/foxy /usr/bin/cmake --install /home/carvinaxe3/ros2_workspace/ros2_ws/build/ros2_rfid_mapping
[0.686s] Level 1:colcon.colcon_core.environment:checking '/home/carvinaxe3/ros2_workspace/ros2_ws/install/ros2_rfid_mapping' for CMake module files
[0.686s] Level 1:colcon.colcon_core.environment:checking '/home/carvinaxe3/ros2_workspace/ros2_ws/install/ros2_rfid_mapping' for CMake config files
[0.686s] Level 1:colcon.colcon_core.shell:create_environment_hook('ros2_rfid_mapping', 'cmake_prefix_path')
[0.688s] INFO:colcon.colcon_core.shell:Creating environment hook '/home/carvinaxe3/ros2_workspace/ros2_ws/install/ros2_rfid_mapping/share/ros2_rfid_mapping/hook/cmake_prefix_path.ps1'
[0.688s] INFO:colcon.colcon_core.shell:Creating environment descriptor '/home/carvinaxe3/ros2_workspace/ros2_ws/install/ros2_rfid_mapping/share/ros2_rfid_mapping/hook/cmake_prefix_path.dsv'
[0.689s] INFO:colcon.colcon_core.shell:Creating environment hook '/home/carvinaxe3/ros2_workspace/ros2_ws/install/ros2_rfid_mapping/share/ros2_rfid_mapping/hook/cmake_prefix_path.sh'
[0.689s] Level 1:colcon.colcon_core.environment:checking '/home/carvinaxe3/ros2_workspace/ros2_ws/install/ros2_rfid_mapping/bin'
[0.690s] Level 1:colcon.colcon_core.environment:checking '/home/carvinaxe3/ros2_workspace/ros2_ws/install/ros2_rfid_mapping/lib/pkgconfig/ros2_rfid_mapping.pc'
[0.690s] Level 1:colcon.colcon_core.environment:checking '/home/carvinaxe3/ros2_workspace/ros2_ws/install/ros2_rfid_mapping/lib/python3.8/site-packages'
[0.690s] Level 1:colcon.colcon_core.environment:checking '/home/carvinaxe3/ros2_workspace/ros2_ws/install/ros2_rfid_mapping/bin'
[0.691s] INFO:colcon.colcon_core.shell:Creating package script '/home/carvinaxe3/ros2_workspace/ros2_ws/install/ros2_rfid_mapping/share/ros2_rfid_mapping/package.ps1'
[0.692s] INFO:colcon.colcon_core.shell:Creating package descriptor '/home/carvinaxe3/ros2_workspace/ros2_ws/install/ros2_rfid_mapping/share/ros2_rfid_mapping/package.dsv'
[0.692s] INFO:colcon.colcon_core.shell:Creating package script '/home/carvinaxe3/ros2_workspace/ros2_ws/install/ros2_rfid_mapping/share/ros2_rfid_mapping/package.sh'
[0.693s] INFO:colcon.colcon_core.shell:Creating package script '/home/carvinaxe3/ros2_workspace/ros2_ws/install/ros2_rfid_mapping/share/ros2_rfid_mapping/package.bash'
[0.694s] INFO:colcon.colcon_core.shell:Creating package script '/home/carvinaxe3/ros2_workspace/ros2_ws/install/ros2_rfid_mapping/share/ros2_rfid_mapping/package.zsh'
[0.694s] Level 1:colcon.colcon_core.environment:create_file_with_runtime_dependencies(/home/carvinaxe3/ros2_workspace/ros2_ws/install/ros2_rfid_mapping/share/colcon-core/packages/ros2_rfid_mapping)
[0.716s] Level 1:colcon.colcon_core.environment:create_environment_scripts_only(ros2_rfid_mapping)
[0.718s] Level 1:colcon.colcon_core.environment:checking '/home/carvinaxe3/ros2_workspace/ros2_ws/install/ros2_rfid_mapping' for CMake module files
[0.719s] Level 1:colcon.colcon_core.environment:checking '/home/carvinaxe3/ros2_workspace/ros2_ws/install/ros2_rfid_mapping' for CMake config files
[0.719s] Level 1:colcon.colcon_core.shell:create_environment_hook('ros2_rfid_mapping', 'cmake_prefix_path')
[0.721s] INFO:colcon.colcon_core.shell:Creating environment hook '/home/carvinaxe3/ros2_workspace/ros2_ws/install/ros2_rfid_mapping/share/ros2_rfid_mapping/hook/cmake_prefix_path.ps1'
[0.721s] INFO:colcon.colcon_core.shell:Creating environment descriptor '/home/carvinaxe3/ros2_workspace/ros2_ws/install/ros2_rfid_mapping/share/ros2_rfid_mapping/hook/cmake_prefix_path.dsv'
[0.721s] INFO:colcon.colcon_core.shell:Creating environment hook '/home/carvinaxe3/ros2_workspace/ros2_ws/install/ros2_rfid_mapping/share/ros2_rfid_mapping/hook/cmake_prefix_path.sh'
[0.722s] Level 1:colcon.colcon_core.environment:checking '/home/carvinaxe3/ros2_workspace/ros2_ws/install/ros2_rfid_mapping/bin'
[0.722s] Level 1:colcon.colcon_core.environment:checking '/home/carvinaxe3/ros2_workspace/ros2_ws/install/ros2_rfid_mapping/lib/pkgconfig/ros2_rfid_mapping.pc'
[0.722s] Level 1:colcon.colcon_core.environment:checking '/home/carvinaxe3/ros2_workspace/ros2_ws/install/ros2_rfid_mapping/lib/python3.8/site-packages'
[0.723s] Level 1:colcon.colcon_core.environment:checking '/home/carvinaxe3/ros2_workspace/ros2_ws/install/ros2_rfid_mapping/bin'
[0.724s] INFO:colcon.colcon_core.shell:Creating package script '/home/carvinaxe3/ros2_workspace/ros2_ws/install/ros2_rfid_mapping/share/ros2_rfid_mapping/package.ps1'
[0.724s] INFO:colcon.colcon_core.shell:Creating package descriptor '/home/carvinaxe3/ros2_workspace/ros2_ws/install/ros2_rfid_mapping/share/ros2_rfid_mapping/package.dsv'
[0.725s] INFO:colcon.colcon_core.shell:Creating package script '/home/carvinaxe3/ros2_workspace/ros2_ws/install/ros2_rfid_mapping/share/ros2_rfid_mapping/package.sh'
[0.725s] INFO:colcon.colcon_core.shell:Creating package script '/home/carvinaxe3/ros2_workspace/ros2_ws/install/ros2_rfid_mapping/share/ros2_rfid_mapping/package.bash'
[0.726s] INFO:colcon.colcon_core.shell:Creating package script '/home/carvinaxe3/ros2_workspace/ros2_ws/install/ros2_rfid_mapping/share/ros2_rfid_mapping/package.zsh'
[0.726s] Level 1:colcon.colcon_core.environment:create_file_with_runtime_dependencies(/home/carvinaxe3/ros2_workspace/ros2_ws/install/ros2_rfid_mapping/share/colcon-core/packages/ros2_rfid_mapping)
[1.011s] DEBUG:colcon.colcon_core.event_handler.log_command:Invoking command in '/home/carvinaxe3/ros2_workspace/ros2_ws/src/rfid_test': PYTHONPATH=/home/carvinaxe3/ros2_workspace/ros2_ws/build/rfid_test/prefix_override:/home/carvinaxe3/ros2_workspace/ros2_ws/install/rfid_test/lib/python3.8/site-packages:${PYTHONPATH} /usr/bin/python3 setup.py egg_info --egg-base ../../build/rfid_test build --build-base /home/carvinaxe3/ros2_workspace/ros2_ws/build/rfid_test/build install --record /home/carvinaxe3/ros2_workspace/ros2_ws/build/rfid_test/install.log --install-scripts $base/lib/rfid_test --single-version-externally-managed
[1.293s] Level 1:colcon.colcon_core.environment:checking '/home/carvinaxe3/ros2_workspace/ros2_ws/install/rfid_test' for CMake module files
[1.293s] DEBUG:colcon.colcon_core.event_handler.log_command:Invoked command in '/home/carvinaxe3/ros2_workspace/ros2_ws/src/rfid_test' returned '0': PYTHONPATH=/home/carvinaxe3/ros2_workspace/ros2_ws/build/rfid_test/prefix_override:/home/carvinaxe3/ros2_workspace/ros2_ws/install/rfid_test/lib/python3.8/site-packages:${PYTHONPATH} /usr/bin/python3 setup.py egg_info --egg-base ../../build/rfid_test build --build-base /home/carvinaxe3/ros2_workspace/ros2_ws/build/rfid_test/build install --record /home/carvinaxe3/ros2_workspace/ros2_ws/build/rfid_test/install.log --install-scripts $base/lib/rfid_test --single-version-externally-managed
[1.294s] Level 1:colcon.colcon_core.environment:checking '/home/carvinaxe3/ros2_workspace/ros2_ws/install/rfid_test' for CMake config files
[1.294s] Level 1:colcon.colcon_core.environment:checking '/home/carvinaxe3/ros2_workspace/ros2_ws/install/rfid_test/lib'
[1.295s] Level 1:colcon.colcon_core.environment:checking '/home/carvinaxe3/ros2_workspace/ros2_ws/install/rfid_test/bin'
[1.295s] Level 1:colcon.colcon_core.environment:checking '/home/carvinaxe3/ros2_workspace/ros2_ws/install/rfid_test/lib/pkgconfig/rfid_test.pc'
[1.295s] Level 1:colcon.colcon_core.environment:checking '/home/carvinaxe3/ros2_workspace/ros2_ws/install/rfid_test/lib/python3.8/site-packages'
[1.295s] Level 1:colcon.colcon_core.shell:create_environment_hook('rfid_test', 'pythonpath')
[1.297s] INFO:colcon.colcon_core.shell:Creating environment hook '/home/carvinaxe3/ros2_workspace/ros2_ws/install/rfid_test/share/rfid_test/hook/pythonpath.ps1'
[1.298s] INFO:colcon.colcon_core.shell:Creating environment descriptor '/home/carvinaxe3/ros2_workspace/ros2_ws/install/rfid_test/share/rfid_test/hook/pythonpath.dsv'
[1.298s] INFO:colcon.colcon_core.shell:Creating environment hook '/home/carvinaxe3/ros2_workspace/ros2_ws/install/rfid_test/share/rfid_test/hook/pythonpath.sh'
[1.299s] Level 1:colcon.colcon_core.environment:checking '/home/carvinaxe3/ros2_workspace/ros2_ws/install/rfid_test/bin'
[1.299s] Level 1:colcon.colcon_core.environment:create_environment_scripts_only(rfid_test)
[1.301s] INFO:colcon.colcon_core.shell:Creating package script '/home/carvinaxe3/ros2_workspace/ros2_ws/install/rfid_test/share/rfid_test/package.ps1'
[1.301s] INFO:colcon.colcon_core.shell:Creating package descriptor '/home/carvinaxe3/ros2_workspace/ros2_ws/install/rfid_test/share/rfid_test/package.dsv'
[1.301s] INFO:colcon.colcon_core.shell:Creating package script '/home/carvinaxe3/ros2_workspace/ros2_ws/install/rfid_test/share/rfid_test/package.sh'
[1.302s] INFO:colcon.colcon_core.shell:Creating package script '/home/carvinaxe3/ros2_workspace/ros2_ws/install/rfid_test/share/rfid_test/package.bash'
[1.302s] INFO:colcon.colcon_core.shell:Creating package script '/home/carvinaxe3/ros2_workspace/ros2_ws/install/rfid_test/share/rfid_test/package.zsh'
[1.302s] Level 1:colcon.colcon_core.environment:create_file_with_runtime_dependencies(/home/carvinaxe3/ros2_workspace/ros2_ws/install/rfid_test/share/colcon-core/packages/rfid_test)
[1.303s] DEBUG:colcon.colcon_parallel_executor.executor.parallel:closing loop
[1.303s] DEBUG:colcon.colcon_parallel_executor.executor.parallel:loop closed
[1.303s] DEBUG:colcon.colcon_parallel_executor.executor.parallel:run_until_complete finished with '0'
[1.303s] DEBUG:colcon.colcon_core.event_reactor:joining thread
[1.308s] INFO:colcon.colcon_core.plugin_system:Skipping extension 'colcon_notification.desktop_notification.terminal_notifier': Not used on non-Darwin systems
[1.308s] INFO:colcon.colcon_core.plugin_system:Skipping extension 'colcon_notification.desktop_notification.win32': Not used on non-Windows systems
[1.308s] INFO:colcon.colcon_notification.desktop_notification:Sending desktop notification using 'notify2'
[1.328s] DEBUG:colcon.colcon_core.event_reactor:joined thread
[1.330s] INFO:colcon.colcon_core.shell:Creating prefix script '/home/carvinaxe3/ros2_workspace/ros2_ws/install/local_setup.ps1'
[1.331s] INFO:colcon.colcon_core.shell:Creating prefix util module '/home/carvinaxe3/ros2_workspace/ros2_ws/install/_local_setup_util_ps1.py'
[1.332s] INFO:colcon.colcon_core.shell:Creating prefix chain script '/home/carvinaxe3/ros2_workspace/ros2_ws/install/setup.ps1'
[1.335s] INFO:colcon.colcon_core.shell:Creating prefix script '/home/carvinaxe3/ros2_workspace/ros2_ws/install/local_setup.sh'
[1.336s] INFO:colcon.colcon_core.shell:Creating prefix util module '/home/carvinaxe3/ros2_workspace/ros2_ws/install/_local_setup_util_sh.py'
[1.336s] INFO:colcon.colcon_core.shell:Creating prefix chain script '/home/carvinaxe3/ros2_workspace/ros2_ws/install/setup.sh'
[1.339s] INFO:colcon.colcon_core.shell:Creating prefix script '/home/carvinaxe3/ros2_workspace/ros2_ws/install/local_setup.bash'
[1.339s] INFO:colcon.colcon_core.shell:Creating prefix chain script '/home/carvinaxe3/ros2_workspace/ros2_ws/install/setup.bash'
[1.341s] INFO:colcon.colcon_core.shell:Creating prefix script '/home/carvinaxe3/ros2_workspace/ros2_ws/install/local_setup.zsh'
[1.342s] INFO:colcon.colcon_core.shell:Creating prefix chain script '/home/carvinaxe3/ros2_workspace/ros2_ws/install/setup.zsh'
