[0.205s] Invoking command in '/home/carvinaxe3/ros2_workspace/ros2_ws/build/ros2_rfid_mapping': /usr/bin/cmake /home/carvinaxe3/ros2_workspace/ros2_ws/src/ros2_rfid_mapping -DCMAKE_INSTALL_PREFIX=/home/carvinaxe3/ros2_workspace/ros2_ws/install/ros2_rfid_mapping
[0.421s] -- The C compiler identification is GNU 9.4.0
[0.592s] -- The CXX compiler identification is GNU 9.4.0
[0.601s] -- Check for working C compiler: /usr/bin/cc
[0.676s] -- Check for working C compiler: /usr/bin/cc -- works
[0.677s] -- Detecting C compiler ABI info
[0.743s] -- Detecting C compiler ABI info - done
[0.754s] -- Detecting C compile features
[0.755s] -- Detecting C compile features - done
[0.758s] -- Check for working CXX compiler: /usr/bin/c++
[0.834s] -- Check for working CXX compiler: /usr/bin/c++ -- works
[0.835s] -- Detecting CXX compiler ABI info
[0.911s] -- Detecting CXX compiler ABI info - done
[0.924s] -- Detecting CXX compile features
[0.924s] -- Detecting CXX compile features - done
[0.936s] CMake Error at CMakeLists.txt:19 (find_package):
[0.936s]   By not providing "Findament_cmake.cmake" in CMAKE_MODULE_PATH this project
[0.936s]   has asked CMake to find a package configuration file provided by
[0.936s]   "ament_cmake", but CMake did not find one.
[0.936s] 
[0.936s]   Could not find a package configuration file provided by "ament_cmake" with
[0.936s]   any of the following names:
[0.936s] 
[0.936s]     ament_cmakeConfig.cmake
[0.936s]     ament_cmake-config.cmake
[0.937s] 
[0.937s]   Add the installation prefix of "ament_cmake" to CMAKE_PREFIX_PATH or set
[0.937s]   "ament_cmake_DIR" to a directory containing one of the above files.  If
[0.937s]   "ament_cmake" provides a separate development package or SDK, be sure it
[0.937s]   has been installed.
[0.937s] 
[0.937s] 
[0.937s] -- Configuring incomplete, errors occurred!
[0.937s] See also "/home/carvinaxe3/ros2_workspace/ros2_ws/build/ros2_rfid_mapping/CMakeFiles/CMakeOutput.log".
[0.955s] Invoked command in '/home/carvinaxe3/ros2_workspace/ros2_ws/build/ros2_rfid_mapping' returned '1': /usr/bin/cmake /home/carvinaxe3/ros2_workspace/ros2_ws/src/ros2_rfid_mapping -DCMAKE_INSTALL_PREFIX=/home/carvinaxe3/ros2_workspace/ros2_ws/install/ros2_rfid_mapping
